Warning: JAVA_HOME environment variable is not set.
[INFO] Scanning for projects...
[INFO] 
[INFO] -------------< com.privateclinic:dental-clinic-management >-------------
[INFO] Building dental-clinic-management 0.0.1-SNAPSHOT
[INFO]   from pom.xml
[INFO] --------------------------------[ jar ]---------------------------------
[INFO] 
[INFO] >>> spring-boot:3.2.10:run (default-cli) > test-compile @ dental-clinic-management >>>
[INFO] 
[INFO] --- resources:3.3.1:resources (default-resources) @ dental-clinic-management ---
[INFO] Copying 2 resources from src\main\resources to target\classes
[INFO] Copying 3 resources from src\main\resources to target\classes
[INFO] 
[INFO] --- compiler:3.11.0:compile (default-compile) @ dental-clinic-management ---
[INFO] Changes detected - recompiling the module! :source
[INFO] Compiling 450 source files with javac [debug release 17] to target\classes
[WARNING] /D:/Code/PDCMS_BE/src/main/java/com/dental/clinic/management/working_schedule/domain/PartTimeRegistration.java:[100,18] @Builder will ignore the initializing expression entirely. If you want the initializing expression to serve as default, add @Builder.Default. If it is not supposed to be settable during building, make the field final.
[INFO] /D:/Code/PDCMS_BE/src/main/java/com/dental/clinic/management/booking_appointment/controller/AppointmentController.java: Some input files use or override a deprecated API.
[INFO] /D:/Code/PDCMS_BE/src/main/java/com/dental/clinic/management/booking_appointment/controller/AppointmentController.java: Recompile with -Xlint:deprecation for details.
[INFO] 
[INFO] --- resources:3.3.1:testResources (default-testResources) @ dental-clinic-management ---
[INFO] Copying 1 resource from src\test\resources to target\test-classes
[INFO] 
[INFO] --- compiler:3.11.0:testCompile (default-testCompile) @ dental-clinic-management ---
[INFO] Changes detected - recompiling the module! :dependency
[INFO] Compiling 4 source files with javac [debug release 17] to target\test-classes
[INFO] 
[INFO] <<< spring-boot:3.2.10:run (default-cli) < test-compile @ dental-clinic-management <<<
[INFO] 
[INFO] 
[INFO] --- spring-boot:3.2.10:run (default-cli) @ dental-clinic-management ---
[INFO] Attaching agents: []

  .   ____          _            __ _ _
 /\\ / ___'_ __ _ _(_)_ __  __ _ \ \ \ \
( ( )\___ | '_ | '_| | '_ \/ _` | \ \ \ \
 \\/  ___)| |_)| | | | | || (_| |  ) ) ) )
  '  |____| .__|_| |_|_| |_\__, | / / / /
 =========|_|==============|___/=/_/_/_/
 :: Spring Boot ::               (v3.2.10)

2025-11-11T04:35:59.168-08:00  INFO 3564 --- [Dental Clinic Management] [           main] .d.c.m.DentalClinicManagementApplication : Starting DentalClinicManagementApplication using Java 17.0.12 with PID 3564 (D:\Code\PDCMS_BE\target\classes started by congt in D:\Code\PDCMS_BE)
2025-11-11T04:35:59.171-08:00 DEBUG 3564 --- [Dental Clinic Management] [           main] .d.c.m.DentalClinicManagementApplication : Running with Spring Boot v3.2.10, Spring v6.1.13
2025-11-11T04:35:59.175-08:00  INFO 3564 --- [Dental Clinic Management] [           main] .d.c.m.DentalClinicManagementApplication : No active profile set, falling back to 1 default profile: "default"
2025-11-11T04:36:01.653-08:00  INFO 3564 --- [Dental Clinic Management] [           main] .s.d.r.c.RepositoryConfigurationDelegate : Bootstrapping Spring Data JPA repositories in DEFAULT mode.
2025-11-11T04:36:02.053-08:00  INFO 3564 --- [Dental Clinic Management] [           main] .s.d.r.c.RepositoryConfigurationDelegate : Finished Spring Data repository scanning in 394 ms. Found 41 JPA repository interfaces.
2025-11-11T04:36:03.711-08:00  INFO 3564 --- [Dental Clinic Management] [           main] o.s.b.w.embedded.tomcat.TomcatWebServer  : Tomcat initialized with port 8080 (http)
2025-11-11T04:36:03.735-08:00  INFO 3564 --- [Dental Clinic Management] [           main] o.apache.catalina.core.StandardService   : Starting service [Tomcat]
2025-11-11T04:36:03.736-08:00  INFO 3564 --- [Dental Clinic Management] [           main] o.apache.catalina.core.StandardEngine    : Starting Servlet engine: [Apache Tomcat/10.1.30]
2025-11-11T04:36:03.864-08:00  INFO 3564 --- [Dental Clinic Management] [           main] o.a.c.c.C.[Tomcat].[localhost].[/]       : Initializing Spring embedded WebApplicationContext
2025-11-11T04:36:03.865-08:00  INFO 3564 --- [Dental Clinic Management] [           main] w.s.c.ServletWebServerApplicationContext : Root WebApplicationContext: initialization completed in 4571 ms
2025-11-11T04:36:04.263-08:00 DEBUG 3564 --- [Dental Clinic Management] [           main] c.d.c.m.config.JwtBlacklistFilter        : Filter 'jwtBlacklistFilter' configured for use
2025-11-11T04:36:04.520-08:00  INFO 3564 --- [Dental Clinic Management] [           main] o.hibernate.jpa.internal.util.LogHelper  : HHH000204: Processing PersistenceUnitInfo [name: default]
2025-11-11T04:36:04.593-08:00  INFO 3564 --- [Dental Clinic Management] [           main] org.hibernate.Version                    : HHH000412: Hibernate ORM core version 6.4.10.Final
2025-11-11T04:36:04.642-08:00  INFO 3564 --- [Dental Clinic Management] [           main] o.h.c.internal.RegionFactoryInitiator    : HHH000026: Second-level cache disabled
2025-11-11T04:36:04.984-08:00  INFO 3564 --- [Dental Clinic Management] [           main] o.s.o.j.p.SpringPersistenceUnitInfo      : No LoadTimeWeaver setup: ignoring JPA class transformer
2025-11-11T04:36:05.030-08:00  INFO 3564 --- [Dental Clinic Management] [           main] com.zaxxer.hikari.HikariDataSource       : HikariPool-1 - Starting...
2025-11-11T04:36:05.280-08:00  INFO 3564 --- [Dental Clinic Management] [           main] com.zaxxer.hikari.pool.HikariPool        : HikariPool-1 - Added connection org.postgresql.jdbc.PgConnection@446a5aa5
2025-11-11T04:36:05.282-08:00  INFO 3564 --- [Dental Clinic Management] [           main] com.zaxxer.hikari.HikariDataSource       : HikariPool-1 - Start completed.
2025-11-11T04:36:05.341-08:00  WARN 3564 --- [Dental Clinic Management] [           main] org.hibernate.orm.deprecation            : HHH90000025: PostgreSQLDialect does not need to be specified explicitly using 'hibernate.dialect' (remove the property setting and it will be selected by default)
2025-11-11T04:36:09.169-08:00  INFO 3564 --- [Dental Clinic Management] [           main] o.h.e.t.j.p.i.JtaPlatformInitiator       : HHH000489: No JTA platform available (set 'hibernate.transaction.jta.platform' to enable JTA platform integration)
2025-11-11T04:36:10.350-08:00  INFO 3564 --- [Dental Clinic Management] [           main] j.LocalContainerEntityManagerFactoryBean : Initialized JPA EntityManagerFactory for persistence unit 'default'
2025-11-11T04:36:11.156-08:00  INFO 3564 --- [Dental Clinic Management] [           main] o.s.d.j.r.query.QueryEnhancerFactory     : Hibernate is in classpath; If applicable, HQL parser will be used.
2025-11-11T04:36:14.233-08:00  INFO 3564 --- [Dental Clinic Management] [           main] c.d.c.m.b.service.RoomService            : IdGenerator injected into Room entity
2025-11-11T04:36:16.823-08:00  WARN 3564 --- [Dental Clinic Management] [           main] JpaBaseConfiguration$JpaWebConfiguration : spring.jpa.open-in-view is enabled by default. Therefore, database queries may be performed during view rendering. Explicitly configure spring.jpa.open-in-view to disable this warning
2025-11-11T04:36:18.487-08:00  INFO 3564 --- [Dental Clinic Management] [           main] o.s.b.a.e.web.EndpointLinksResolver      : Exposing 1 endpoint(s) beneath base path '/actuator'
2025-11-11T04:36:18.634-08:00  INFO 3564 --- [Dental Clinic Management] [           main] o.s.s.web.DefaultSecurityFilterChain     : Will secure any request with [org.springframework.security.web.session.DisableEncodeUrlFilter@24ea617c, org.springframework.security.web.context.request.async.WebAsyncManagerIntegrationFilter@32d9bcda, org.springframework.security.web.context.SecurityContextHolderFilter@1a533fa1, org.springframework.security.web.header.HeaderWriterFilter@5b4d5437, org.springframework.web.filter.CorsFilter@696c64da, org.springframework.security.web.authentication.logout.LogoutFilter@4df33883, com.dental.clinic.management.config.JwtBlacklistFilter@73b0ed03, org.springframework.security.oauth2.server.resource.web.authentication.BearerTokenAuthenticationFilter@4db30756, org.springframework.security.web.savedrequest.RequestCacheAwareFilter@6182c15f, org.springframework.security.web.servletapi.SecurityContextHolderAwareRequestFilter@a69529b, org.springframework.security.web.authentication.AnonymousAuthenticationFilter@2a145bc5, org.springframework.security.web.session.SessionManagementFilter@52789b1c, org.springframework.security.web.access.ExceptionTranslationFilter@455ab6c0, org.springframework.security.web.access.intercept.AuthorizationFilter@1c702e38]
2025-11-11T04:36:20.471-08:00  INFO 3564 --- [Dental Clinic Management] [           main] o.s.b.w.embedded.tomcat.TomcatWebServer  : Tomcat started on port 8080 (http) with context path ''
2025-11-11T04:36:20.531-08:00  INFO 3564 --- [Dental Clinic Management] [           main] .d.c.m.DentalClinicManagementApplication : Started DentalClinicManagementApplication in 22.261 seconds (process running for 23.116)
2025-11-11T04:36:59.338-08:00  INFO 3564 --- [Dental Clinic Management] [nio-8080-exec-1] o.a.c.c.C.[Tomcat].[localhost].[/]       : Initializing Spring DispatcherServlet 'dispatcherServlet'
2025-11-11T04:36:59.343-08:00  INFO 3564 --- [Dental Clinic Management] [nio-8080-exec-1] o.s.web.servlet.DispatcherServlet        : Initializing Servlet 'dispatcherServlet'
2025-11-11T04:36:59.345-08:00  INFO 3564 --- [Dental Clinic Management] [nio-8080-exec-1] o.s.web.servlet.DispatcherServlet        : Completed initialization in 2 ms
Hibernate: 
    select
        a1_0.account_id,
        a1_0.account_code,
        a1_0.created_at,
        a1_0.email,
        a1_0.must_change_password,
        a1_0.password,
        a1_0.password_changed_at,
        a1_0.role_id,
        r1_0.role_id,
        r1_0.base_role_id,
        br1_0.base_role_id,
        br1_0.base_role_name,
        br1_0.created_at,
        br1_0.description,
        br1_0.is_active,
        br1_0.updated_at,
        r1_0.created_at,
        r1_0.description,
        r1_0.is_active,
        p1_0.role_id,
        p1_1.permission_id,
        p1_1.created_at,
        p1_1.description,
        p1_1.display_order,
        p1_1.is_active,
        p1_1.module,
        p1_1.parent_permission_id,
        p1_1.permission_name,
        r1_0.requires_specialization,
        r1_0.role_name,
        a1_0.status,
        a1_0.username 
    from
        accounts a1_0 
    join
        roles r1_0 
            on r1_0.role_id=a1_0.role_id 
    join
        base_roles br1_0 
            on br1_0.base_role_id=r1_0.base_role_id 
    join
        role_permissions p1_0 
            on r1_0.role_id=p1_0.role_id 
    join
        permissions p1_1 
            on p1_1.permission_id=p1_0.permission_id 
    where
        a1_0.username=?
Hibernate: 
    select
        e1_0.employee_id,
        e1_0.account_id,
        e1_0.address,
        e1_0.created_at,
        e1_0.date_of_birth,
        e1_0.employee_code,
        e1_0.employment_type,
        e1_0.first_name,
        e1_0.is_active,
        e1_0.last_name,
        e1_0.phone 
    from
        employees e1_0 
    where
        e1_0.account_id=?
Hibernate: 
    select
        p1_0.patient_id,
        p1_0.account_id,
        p1_0.address,
        p1_0.allergies,
        p1_0.created_at,
        p1_0.date_of_birth,
        p1_0.email,
        p1_0.emergency_contact_name,
        p1_0.emergency_contact_phone,
        p1_0.first_name,
        p1_0.gender,
        p1_0.is_active,
        p1_0.last_name,
        p1_0.medical_history,
        p1_0.patient_code,
        p1_0.phone,
        p1_0.updated_at 
    from
        patients p1_0 
    where
        p1_0.account_id=?
Hibernate: 
    select
        p1_0.permission_id,
        p1_0.created_at,
        p1_0.description,
        p1_0.display_order,
        p1_0.is_active,
        p1_0.module,
        pp1_0.permission_id,
        pp1_0.created_at,
        pp1_0.description,
        pp1_0.display_order,
        pp1_0.is_active,
        pp1_0.module,
        pp1_0.parent_permission_id,
        pp1_0.permission_name,
        p1_0.permission_name 
    from
        permissions p1_0 
    left join
        permissions pp1_0 
            on pp1_0.permission_id=p1_0.parent_permission_id 
    where
        p1_0.permission_id=?
Hibernate: 
    select
        p1_0.permission_id,
        p1_0.created_at,
        p1_0.description,
        p1_0.display_order,
        p1_0.is_active,
        p1_0.module,
        pp1_0.permission_id,
        pp1_0.created_at,
        pp1_0.description,
        pp1_0.display_order,
        pp1_0.is_active,
        pp1_0.module,
        pp1_0.parent_permission_id,
        pp1_0.permission_name,
        p1_0.permission_name 
    from
        permissions p1_0 
    left join
        permissions pp1_0 
            on pp1_0.permission_id=p1_0.parent_permission_id 
    where
        p1_0.permission_id=?
Hibernate: 
    select
        p1_0.permission_id,
        p1_0.created_at,
        p1_0.description,
        p1_0.display_order,
        p1_0.is_active,
        p1_0.module,
        pp1_0.permission_id,
        pp1_0.created_at,
        pp1_0.description,
        pp1_0.display_order,
        pp1_0.is_active,
        pp1_0.module,
        pp1_0.parent_permission_id,
        pp1_0.permission_name,
        p1_0.permission_name 
    from
        permissions p1_0 
    left join
        permissions pp1_0 
            on pp1_0.permission_id=p1_0.parent_permission_id 
    where
        p1_0.permission_id=?
Hibernate: 
    select
        p1_0.permission_id,
        p1_0.created_at,
        p1_0.description,
        p1_0.display_order,
        p1_0.is_active,
        p1_0.module,
        pp1_0.permission_id,
        pp1_0.created_at,
        pp1_0.description,
        pp1_0.display_order,
        pp1_0.is_active,
        pp1_0.module,
        pp1_0.parent_permission_id,
        pp1_0.permission_name,
        p1_0.permission_name 
    from
        permissions p1_0 
    left join
        permissions pp1_0 
            on pp1_0.permission_id=p1_0.parent_permission_id 
    where
        p1_0.permission_id=?
Hibernate: 
    select
        p1_0.permission_id,
        p1_0.created_at,
        p1_0.description,
        p1_0.display_order,
        p1_0.is_active,
        p1_0.module,
        pp1_0.permission_id,
        pp1_0.created_at,
        pp1_0.description,
        pp1_0.display_order,
        pp1_0.is_active,
        pp1_0.module,
        pp1_0.parent_permission_id,
        pp1_0.permission_name,
        p1_0.permission_name 
    from
        permissions p1_0 
    left join
        permissions pp1_0 
            on pp1_0.permission_id=p1_0.parent_permission_id 
    where
        p1_0.permission_id=?
Hibernate: 
    select
        p1_0.permission_id,
        p1_0.created_at,
        p1_0.description,
        p1_0.display_order,
        p1_0.is_active,
        p1_0.module,
        pp1_0.permission_id,
        pp1_0.created_at,
        pp1_0.description,
        pp1_0.display_order,
        pp1_0.is_active,
        pp1_0.module,
        pp1_0.parent_permission_id,
        pp1_0.permission_name,
        p1_0.permission_name 
    from
        permissions p1_0 
    left join
        permissions pp1_0 
            on pp1_0.permission_id=p1_0.parent_permission_id 
    where
        p1_0.permission_id=?
Hibernate: 
    select
        p1_0.permission_id,
        p1_0.created_at,
        p1_0.description,
        p1_0.display_order,
        p1_0.is_active,
        p1_0.module,
        pp1_0.permission_id,
        pp1_0.created_at,
        pp1_0.description,
        pp1_0.display_order,
        pp1_0.is_active,
        pp1_0.module,
        pp1_0.parent_permission_id,
        pp1_0.permission_name,
        p1_0.permission_name 
    from
        permissions p1_0 
    left join
        permissions pp1_0 
            on pp1_0.permission_id=p1_0.parent_permission_id 
    where
        p1_0.permission_id=?
Hibernate: 
    select
        p1_0.permission_id,
        p1_0.created_at,
        p1_0.description,
        p1_0.display_order,
        p1_0.is_active,
        p1_0.module,
        pp1_0.permission_id,
        pp1_0.created_at,
        pp1_0.description,
        pp1_0.display_order,
        pp1_0.is_active,
        pp1_0.module,
        pp1_0.parent_permission_id,
        pp1_0.permission_name,
        p1_0.permission_name 
    from
        permissions p1_0 
    left join
        permissions pp1_0 
            on pp1_0.permission_id=p1_0.parent_permission_id 
    where
        p1_0.permission_id=?
Hibernate: 
    select
        p1_0.permission_id,
        p1_0.created_at,
        p1_0.description,
        p1_0.display_order,
        p1_0.is_active,
        p1_0.module,
        pp1_0.permission_id,
        pp1_0.created_at,
        pp1_0.description,
        pp1_0.display_order,
        pp1_0.is_active,
        pp1_0.module,
        pp1_0.parent_permission_id,
        pp1_0.permission_name,
        p1_0.permission_name 
    from
        permissions p1_0 
    left join
        permissions pp1_0 
            on pp1_0.permission_id=p1_0.parent_permission_id 
    where
        p1_0.permission_id=?
Hibernate: 
    select
        a1_0.account_id,
        a1_0.account_code,
        a1_0.created_at,
        a1_0.email,
        a1_0.must_change_password,
        a1_0.password,
        a1_0.password_changed_at,
        a1_0.role_id,
        r1_0.role_id,
        r1_0.base_role_id,
        br1_0.base_role_id,
        br1_0.base_role_name,
        br1_0.created_at,
        br1_0.description,
        br1_0.is_active,
        br1_0.updated_at,
        r1_0.created_at,
        r1_0.description,
        r1_0.is_active,
        p1_0.role_id,
        p1_1.permission_id,
        p1_1.created_at,
        p1_1.description,
        p1_1.display_order,
        p1_1.is_active,
        p1_1.module,
        p1_1.parent_permission_id,
        p1_1.permission_name,
        r1_0.requires_specialization,
        r1_0.role_name,
        a1_0.status,
        a1_0.username 
    from
        accounts a1_0 
    join
        roles r1_0 
            on r1_0.role_id=a1_0.role_id 
    join
        base_roles br1_0 
            on br1_0.base_role_id=r1_0.base_role_id 
    join
        role_permissions p1_0 
            on r1_0.role_id=p1_0.role_id 
    join
        permissions p1_1 
            on p1_1.permission_id=p1_0.permission_id 
    where
        a1_0.username=?
Hibernate: 
    select
        rt1_0.id,
        rt1_0.account_id,
        rt1_0.created_at,
        rt1_0.expires_at,
        rt1_0.is_active,
        rt1_0.token_hash,
        rt1_0.updated_at 
    from
        refresh_tokens rt1_0 
    where
        rt1_0.id=?
2025-11-11T04:37:09.910-08:00 DEBUG 3564 --- [Dental Clinic Management] [nio-8080-exec-2] c.d.c.m.a.service.AuthenticationService  : Refresh token saved to database for user: bacsi1
2025-11-11T04:37:09.910-08:00  INFO 3564 --- [Dental Clinic Management] [nio-8080-exec-2] c.d.c.m.a.service.AuthenticationService  : Login response prepared for user: bacsi1
2025-11-11T04:37:09.910-08:00  INFO 3564 --- [Dental Clinic Management] [nio-8080-exec-2] c.d.c.m.a.service.AuthenticationService  :   role: ROLE_DENTIST
2025-11-11T04:37:09.910-08:00  INFO 3564 --- [Dental Clinic Management] [nio-8080-exec-2] c.d.c.m.a.service.AuthenticationService  :   baseRole: employee
2025-11-11T04:37:09.910-08:00  INFO 3564 --- [Dental Clinic Management] [nio-8080-exec-2] c.d.c.m.a.service.AuthenticationService  :   groupedPermissions modules: [APPOINTMENT, HOLIDAY, TREATMENT, PATIENT, LEAVE_MANAGEMENT, TREATMENT_PLAN, SCHEDULE_MANAGEMENT]
2025-11-11T04:37:09.910-08:00  INFO 3564 --- [Dental Clinic Management] [nio-8080-exec-2] c.d.c.m.a.service.AuthenticationService  :   employmentType: FULL_TIME
Hibernate: 
    insert 
    into
        refresh_tokens
        (account_id, created_at, expires_at, is_active, token_hash, updated_at, id) 
    values
        (?, ?, ?, ?, ?, ?, ?)
Hibernate: 
    select
        a1_0.account_id,
        a1_0.account_code,
        a1_0.created_at,
        a1_0.email,
        a1_0.must_change_password,
        a1_0.password,
        a1_0.password_changed_at,
        a1_0.role_id,
        r1_0.role_id,
        r1_0.base_role_id,
        br1_0.base_role_id,
        br1_0.base_role_name,
        br1_0.created_at,
        br1_0.description,
        br1_0.is_active,
        br1_0.updated_at,
        r1_0.created_at,
        r1_0.description,
        r1_0.is_active,
        p1_0.role_id,
        p1_1.permission_id,
        p1_1.created_at,
        p1_1.description,
        p1_1.display_order,
        p1_1.is_active,
        p1_1.module,
        p1_1.parent_permission_id,
        p1_1.permission_name,
        r1_0.requires_specialization,
        r1_0.role_name,
        a1_0.status,
        a1_0.username 
    from
        accounts a1_0 
    join
        roles r1_0 
            on r1_0.role_id=a1_0.role_id 
    join
        base_roles br1_0 
            on br1_0.base_role_id=r1_0.base_role_id 
    join
        role_permissions p1_0 
            on r1_0.role_id=p1_0.role_id 
    join
        permissions p1_1 
            on p1_1.permission_id=p1_0.permission_id 
    where
        a1_0.username=?
Hibernate: 
    select
        e1_0.employee_id,
        e1_0.account_id,
        e1_0.address,
        e1_0.created_at,
        e1_0.date_of_birth,
        e1_0.employee_code,
        e1_0.employment_type,
        e1_0.first_name,
        e1_0.is_active,
        e1_0.last_name,
        e1_0.phone 
    from
        employees e1_0 
    where
        e1_0.account_id=?
Hibernate: 
    select
        p1_0.patient_id,
        p1_0.account_id,
        p1_0.address,
        p1_0.allergies,
        p1_0.created_at,
        p1_0.date_of_birth,
        p1_0.email,
        p1_0.emergency_contact_name,
        p1_0.emergency_contact_phone,
        p1_0.first_name,
        p1_0.gender,
        p1_0.is_active,
        p1_0.last_name,
        p1_0.medical_history,
        p1_0.patient_code,
        p1_0.phone,
        p1_0.updated_at 
    from
        patients p1_0 
    where
        p1_0.account_id=?
Hibernate: 
    select
        p1_0.permission_id,
        p1_0.created_at,
        p1_0.description,
        p1_0.display_order,
        p1_0.is_active,
        p1_0.module,
        pp1_0.permission_id,
        pp1_0.created_at,
        pp1_0.description,
        pp1_0.display_order,
        pp1_0.is_active,
        pp1_0.module,
        pp1_0.parent_permission_id,
        pp1_0.permission_name,
        p1_0.permission_name 
    from
        permissions p1_0 
    left join
        permissions pp1_0 
            on pp1_0.permission_id=p1_0.parent_permission_id 
    where
        p1_0.permission_id=?
Hibernate: 
    select
        p1_0.permission_id,
        p1_0.created_at,
        p1_0.description,
        p1_0.display_order,
        p1_0.is_active,
        p1_0.module,
        pp1_0.permission_id,
        pp1_0.created_at,
        pp1_0.description,
        pp1_0.display_order,
        pp1_0.is_active,
        pp1_0.module,
        pp1_0.parent_permission_id,
        pp1_0.permission_name,
        p1_0.permission_name 
    from
        permissions p1_0 
    left join
        permissions pp1_0 
            on pp1_0.permission_id=p1_0.parent_permission_id 
    where
        p1_0.permission_id=?
Hibernate: 
    select
        p1_0.permission_id,
        p1_0.created_at,
        p1_0.description,
        p1_0.display_order,
        p1_0.is_active,
        p1_0.module,
        pp1_0.permission_id,
        pp1_0.created_at,
        pp1_0.description,
        pp1_0.display_order,
        pp1_0.is_active,
        pp1_0.module,
        pp1_0.parent_permission_id,
        pp1_0.permission_name,
        p1_0.permission_name 
    from
        permissions p1_0 
    left join
        permissions pp1_0 
            on pp1_0.permission_id=p1_0.parent_permission_id 
    where
        p1_0.permission_id=?
Hibernate: 
    select
        p1_0.permission_id,
        p1_0.created_at,
        p1_0.description,
        p1_0.display_order,
        p1_0.is_active,
        p1_0.module,
        pp1_0.permission_id,
        pp1_0.created_at,
        pp1_0.description,
        pp1_0.display_order,
        pp1_0.is_active,
        pp1_0.module,
        pp1_0.parent_permission_id,
        pp1_0.permission_name,
        p1_0.permission_name 
    from
        permissions p1_0 
    left join
        permissions pp1_0 
            on pp1_0.permission_id=p1_0.parent_permission_id 
    where
        p1_0.permission_id=?
Hibernate: 
    select
        p1_0.permission_id,
        p1_0.created_at,
        p1_0.description,
        p1_0.display_order,
        p1_0.is_active,
        p1_0.module,
        pp1_0.permission_id,
        pp1_0.created_at,
        pp1_0.description,
        pp1_0.display_order,
        pp1_0.is_active,
        pp1_0.module,
        pp1_0.parent_permission_id,
        pp1_0.permission_name,
        p1_0.permission_name 
    from
        permissions p1_0 
    left join
        permissions pp1_0 
            on pp1_0.permission_id=p1_0.parent_permission_id 
    where
        p1_0.permission_id=?
Hibernate: 
    select
        p1_0.permission_id,
        p1_0.created_at,
        p1_0.description,
        p1_0.display_order,
        p1_0.is_active,
        p1_0.module,
        pp1_0.permission_id,
        pp1_0.created_at,
        pp1_0.description,
        pp1_0.display_order,
        pp1_0.is_active,
        pp1_0.module,
        pp1_0.parent_permission_id,
        pp1_0.permission_name,
        p1_0.permission_name 
    from
        permissions p1_0 
    left join
        permissions pp1_0 
            on pp1_0.permission_id=p1_0.parent_permission_id 
    where
        p1_0.permission_id=?
Hibernate: 
    select
        p1_0.permission_id,
        p1_0.created_at,
        p1_0.description,
        p1_0.display_order,
        p1_0.is_active,
        p1_0.module,
        pp1_0.permission_id,
        pp1_0.created_at,
        pp1_0.description,
        pp1_0.display_order,
        pp1_0.is_active,
        pp1_0.module,
        pp1_0.parent_permission_id,
        pp1_0.permission_name,
        p1_0.permission_name 
    from
        permissions p1_0 
    left join
        permissions pp1_0 
            on pp1_0.permission_id=p1_0.parent_permission_id 
    where
        p1_0.permission_id=?
Hibernate: 
    select
        p1_0.permission_id,
        p1_0.created_at,
        p1_0.description,
        p1_0.display_order,
        p1_0.is_active,
        p1_0.module,
        pp1_0.permission_id,
        pp1_0.created_at,
        pp1_0.description,
        pp1_0.display_order,
        pp1_0.is_active,
        pp1_0.module,
        pp1_0.parent_permission_id,
        pp1_0.permission_name,
        p1_0.permission_name 
    from
        permissions p1_0 
    left join
        permissions pp1_0 
            on pp1_0.permission_id=p1_0.parent_permission_id 
    where
        p1_0.permission_id=?
Hibernate: 
    select
        p1_0.permission_id,
        p1_0.created_at,
        p1_0.description,
        p1_0.display_order,
        p1_0.is_active,
        p1_0.module,
        pp1_0.permission_id,
        pp1_0.created_at,
        pp1_0.description,
        pp1_0.display_order,
        pp1_0.is_active,
        pp1_0.module,
        pp1_0.parent_permission_id,
        pp1_0.permission_name,
        p1_0.permission_name 
    from
        permissions p1_0 
    left join
        permissions pp1_0 
            on pp1_0.permission_id=p1_0.parent_permission_id 
    where
        p1_0.permission_id=?
Hibernate: 
    select
        a1_0.account_id,
        a1_0.account_code,
        a1_0.created_at,
        a1_0.email,
        a1_0.must_change_password,
        a1_0.password,
        a1_0.password_changed_at,
        a1_0.role_id,
        r1_0.role_id,
        r1_0.base_role_id,
        br1_0.base_role_id,
        br1_0.base_role_name,
        br1_0.created_at,
        br1_0.description,
        br1_0.is_active,
        br1_0.updated_at,
        r1_0.created_at,
        r1_0.description,
        r1_0.is_active,
        p1_0.role_id,
        p1_1.permission_id,
        p1_1.created_at,
        p1_1.description,
        p1_1.display_order,
        p1_1.is_active,
        p1_1.module,
        p1_1.parent_permission_id,
        p1_1.permission_name,
        r1_0.requires_specialization,
        r1_0.role_name,
        a1_0.status,
        a1_0.username 
    from
        accounts a1_0 
    join
        roles r1_0 
            on r1_0.role_id=a1_0.role_id 
    join
        base_roles br1_0 
            on br1_0.base_role_id=r1_0.base_role_id 
    join
        role_permissions p1_0 
            on r1_0.role_id=p1_0.role_id 
    join
        permissions p1_1 
            on p1_1.permission_id=p1_0.permission_id 
    where
        a1_0.username=?
Hibernate: 
    select
        rt1_0.id,
        rt1_0.account_id,
        rt1_0.created_at,
        rt1_0.expires_at,
        rt1_0.is_active,
        rt1_0.token_hash,
        rt1_0.updated_at 
    from
        refresh_tokens rt1_0 
    where
        rt1_0.id=?
2025-11-11T04:37:40.036-08:00 DEBUG 3564 --- [Dental Clinic Management] [nio-8080-exec-4] c.d.c.m.a.service.AuthenticationService  : Refresh token saved to database for user: bacsi1
2025-11-11T04:37:40.036-08:00  INFO 3564 --- [Dental Clinic Management] [nio-8080-exec-4] c.d.c.m.a.service.AuthenticationService  : Login response prepared for user: bacsi1
2025-11-11T04:37:40.036-08:00  INFO 3564 --- [Dental Clinic Management] [nio-8080-exec-4] c.d.c.m.a.service.AuthenticationService  :   role: ROLE_DENTIST
2025-11-11T04:37:40.037-08:00  INFO 3564 --- [Dental Clinic Management] [nio-8080-exec-4] c.d.c.m.a.service.AuthenticationService  :   baseRole: employee
2025-11-11T04:37:40.037-08:00  INFO 3564 --- [Dental Clinic Management] [nio-8080-exec-4] c.d.c.m.a.service.AuthenticationService  :   groupedPermissions modules: [APPOINTMENT, HOLIDAY, TREATMENT, PATIENT, LEAVE_MANAGEMENT, TREATMENT_PLAN, SCHEDULE_MANAGEMENT]
2025-11-11T04:37:40.037-08:00  INFO 3564 --- [Dental Clinic Management] [nio-8080-exec-4] c.d.c.m.a.service.AuthenticationService  :   employmentType: FULL_TIME
Hibernate: 
    insert 
    into
        refresh_tokens
        (account_id, created_at, expires_at, is_active, token_hash, updated_at, id) 
    values
        (?, ?, ?, ?, ?, ?, ?)
Hibernate: 
    select
        a1_0.account_id,
        a1_0.account_code,
        a1_0.created_at,
        a1_0.email,
        a1_0.must_change_password,
        a1_0.password,
        a1_0.password_changed_at,
        a1_0.role_id,
        r1_0.role_id,
        r1_0.base_role_id,
        br1_0.base_role_id,
        br1_0.base_role_name,
        br1_0.created_at,
        br1_0.description,
        br1_0.is_active,
        br1_0.updated_at,
        r1_0.created_at,
        r1_0.description,
        r1_0.is_active,
        p1_0.role_id,
        p1_1.permission_id,
        p1_1.created_at,
        p1_1.description,
        p1_1.display_order,
        p1_1.is_active,
        p1_1.module,
        p1_1.parent_permission_id,
        p1_1.permission_name,
        r1_0.requires_specialization,
        r1_0.role_name,
        a1_0.status,
        a1_0.username 
    from
        accounts a1_0 
    join
        roles r1_0 
            on r1_0.role_id=a1_0.role_id 
    join
        base_roles br1_0 
            on br1_0.base_role_id=r1_0.base_role_id 
    join
        role_permissions p1_0 
            on r1_0.role_id=p1_0.role_id 
    join
        permissions p1_1 
            on p1_1.permission_id=p1_0.permission_id 
    where
        a1_0.username=?
Hibernate: 
    select
        e1_0.employee_id,
        e1_0.account_id,
        e1_0.address,
        e1_0.created_at,
        e1_0.date_of_birth,
        e1_0.employee_code,
        e1_0.employment_type,
        e1_0.first_name,
        e1_0.is_active,
        e1_0.last_name,
        e1_0.phone 
    from
        employees e1_0 
    where
        e1_0.account_id=?
Hibernate: 
    select
        p1_0.patient_id,
        p1_0.account_id,
        p1_0.address,
        p1_0.allergies,
        p1_0.created_at,
        p1_0.date_of_birth,
        p1_0.email,
        p1_0.emergency_contact_name,
        p1_0.emergency_contact_phone,
        p1_0.first_name,
        p1_0.gender,
        p1_0.is_active,
        p1_0.last_name,
        p1_0.medical_history,
        p1_0.patient_code,
        p1_0.phone,
        p1_0.updated_at 
    from
        patients p1_0 
    where
        p1_0.account_id=?
Hibernate: 
    select
        p1_0.permission_id,
        p1_0.created_at,
        p1_0.description,
        p1_0.display_order,
        p1_0.is_active,
        p1_0.module,
        pp1_0.permission_id,
        pp1_0.created_at,
        pp1_0.description,
        pp1_0.display_order,
        pp1_0.is_active,
        pp1_0.module,
        pp1_0.parent_permission_id,
        pp1_0.permission_name,
        p1_0.permission_name 
    from
        permissions p1_0 
    left join
        permissions pp1_0 
            on pp1_0.permission_id=p1_0.parent_permission_id 
    where
        p1_0.permission_id=?
Hibernate: 
    select
        p1_0.permission_id,
        p1_0.created_at,
        p1_0.description,
        p1_0.display_order,
        p1_0.is_active,
        p1_0.module,
        pp1_0.permission_id,
        pp1_0.created_at,
        pp1_0.description,
        pp1_0.display_order,
        pp1_0.is_active,
        pp1_0.module,
        pp1_0.parent_permission_id,
        pp1_0.permission_name,
        p1_0.permission_name 
    from
        permissions p1_0 
    left join
        permissions pp1_0 
            on pp1_0.permission_id=p1_0.parent_permission_id 
    where
        p1_0.permission_id=?
Hibernate: 
    select
        p1_0.permission_id,
        p1_0.created_at,
        p1_0.description,
        p1_0.display_order,
        p1_0.is_active,
        p1_0.module,
        pp1_0.permission_id,
        pp1_0.created_at,
        pp1_0.description,
        pp1_0.display_order,
        pp1_0.is_active,
        pp1_0.module,
        pp1_0.parent_permission_id,
        pp1_0.permission_name,
        p1_0.permission_name 
    from
        permissions p1_0 
    left join
        permissions pp1_0 
            on pp1_0.permission_id=p1_0.parent_permission_id 
    where
        p1_0.permission_id=?
Hibernate: 
    select
        p1_0.permission_id,
        p1_0.created_at,
        p1_0.description,
        p1_0.display_order,
        p1_0.is_active,
        p1_0.module,
        pp1_0.permission_id,
        pp1_0.created_at,
        pp1_0.description,
        pp1_0.display_order,
        pp1_0.is_active,
        pp1_0.module,
        pp1_0.parent_permission_id,
        pp1_0.permission_name,
        p1_0.permission_name 
    from
        permissions p1_0 
    left join
        permissions pp1_0 
            on pp1_0.permission_id=p1_0.parent_permission_id 
    where
        p1_0.permission_id=?
Hibernate: 
    select
        p1_0.permission_id,
        p1_0.created_at,
        p1_0.description,
        p1_0.display_order,
        p1_0.is_active,
        p1_0.module,
        pp1_0.permission_id,
        pp1_0.created_at,
        pp1_0.description,
        pp1_0.display_order,
        pp1_0.is_active,
        pp1_0.module,
        pp1_0.parent_permission_id,
        pp1_0.permission_name,
        p1_0.permission_name 
    from
        permissions p1_0 
    left join
        permissions pp1_0 
            on pp1_0.permission_id=p1_0.parent_permission_id 
    where
        p1_0.permission_id=?
Hibernate: 
    select
        p1_0.permission_id,
        p1_0.created_at,
        p1_0.description,
        p1_0.display_order,
        p1_0.is_active,
        p1_0.module,
        pp1_0.permission_id,
        pp1_0.created_at,
        pp1_0.description,
        pp1_0.display_order,
        pp1_0.is_active,
        pp1_0.module,
        pp1_0.parent_permission_id,
        pp1_0.permission_name,
        p1_0.permission_name 
    from
        permissions p1_0 
    left join
        permissions pp1_0 
            on pp1_0.permission_id=p1_0.parent_permission_id 
    where
        p1_0.permission_id=?
Hibernate: 
    select
        p1_0.permission_id,
        p1_0.created_at,
        p1_0.description,
        p1_0.display_order,
        p1_0.is_active,
        p1_0.module,
        pp1_0.permission_id,
        pp1_0.created_at,
        pp1_0.description,
        pp1_0.display_order,
        pp1_0.is_active,
        pp1_0.module,
        pp1_0.parent_permission_id,
        pp1_0.permission_name,
        p1_0.permission_name 
    from
        permissions p1_0 
    left join
        permissions pp1_0 
            on pp1_0.permission_id=p1_0.parent_permission_id 
    where
        p1_0.permission_id=?
Hibernate: 
    select
        p1_0.permission_id,
        p1_0.created_at,
        p1_0.description,
        p1_0.display_order,
        p1_0.is_active,
        p1_0.module,
        pp1_0.permission_id,
        pp1_0.created_at,
        pp1_0.description,
        pp1_0.display_order,
        pp1_0.is_active,
        pp1_0.module,
        pp1_0.parent_permission_id,
        pp1_0.permission_name,
        p1_0.permission_name 
    from
        permissions p1_0 
    left join
        permissions pp1_0 
            on pp1_0.permission_id=p1_0.parent_permission_id 
    where
        p1_0.permission_id=?
Hibernate: 
    select
        p1_0.permission_id,
        p1_0.created_at,
        p1_0.description,
        p1_0.display_order,
        p1_0.is_active,
        p1_0.module,
        pp1_0.permission_id,
        pp1_0.created_at,
        pp1_0.description,
        pp1_0.display_order,
        pp1_0.is_active,
        pp1_0.module,
        pp1_0.parent_permission_id,
        pp1_0.permission_name,
        p1_0.permission_name 
    from
        permissions p1_0 
    left join
        permissions pp1_0 
            on pp1_0.permission_id=p1_0.parent_permission_id 
    where
        p1_0.permission_id=?
Hibernate: 
    select
        a1_0.account_id,
        a1_0.account_code,
        a1_0.created_at,
        a1_0.email,
        a1_0.must_change_password,
        a1_0.password,
        a1_0.password_changed_at,
        a1_0.role_id,
        r1_0.role_id,
        r1_0.base_role_id,
        br1_0.base_role_id,
        br1_0.base_role_name,
        br1_0.created_at,
        br1_0.description,
        br1_0.is_active,
        br1_0.updated_at,
        r1_0.created_at,
        r1_0.description,
        r1_0.is_active,
        p1_0.role_id,
        p1_1.permission_id,
        p1_1.created_at,
        p1_1.description,
        p1_1.display_order,
        p1_1.is_active,
        p1_1.module,
        p1_1.parent_permission_id,
        p1_1.permission_name,
        r1_0.requires_specialization,
        r1_0.role_name,
        a1_0.status,
        a1_0.username 
    from
        accounts a1_0 
    join
        roles r1_0 
            on r1_0.role_id=a1_0.role_id 
    join
        base_roles br1_0 
            on br1_0.base_role_id=r1_0.base_role_id 
    join
        role_permissions p1_0 
            on r1_0.role_id=p1_0.role_id 
    join
        permissions p1_1 
            on p1_1.permission_id=p1_0.permission_id 
    where
        a1_0.username=?
Hibernate: 
    select
        rt1_0.id,
        rt1_0.account_id,
        rt1_0.created_at,
        rt1_0.expires_at,
        rt1_0.is_active,
        rt1_0.token_hash,
        rt1_0.updated_at 
    from
        refresh_tokens rt1_0 
    where
        rt1_0.id=?
2025-11-11T04:38:27.666-08:00 DEBUG 3564 --- [Dental Clinic Management] [nio-8080-exec-6] c.d.c.m.a.service.AuthenticationService  : Refresh token saved to database for user: bacsi1
2025-11-11T04:38:27.666-08:00  INFO 3564 --- [Dental Clinic Management] [nio-8080-exec-6] c.d.c.m.a.service.AuthenticationService  : Login response prepared for user: bacsi1
2025-11-11T04:38:27.666-08:00  INFO 3564 --- [Dental Clinic Management] [nio-8080-exec-6] c.d.c.m.a.service.AuthenticationService  :   role: ROLE_DENTIST
2025-11-11T04:38:27.666-08:00  INFO 3564 --- [Dental Clinic Management] [nio-8080-exec-6] c.d.c.m.a.service.AuthenticationService  :   baseRole: employee
2025-11-11T04:38:27.666-08:00  INFO 3564 --- [Dental Clinic Management] [nio-8080-exec-6] c.d.c.m.a.service.AuthenticationService  :   groupedPermissions modules: [APPOINTMENT, HOLIDAY, TREATMENT, PATIENT, LEAVE_MANAGEMENT, TREATMENT_PLAN, SCHEDULE_MANAGEMENT]
2025-11-11T04:38:27.666-08:00  INFO 3564 --- [Dental Clinic Management] [nio-8080-exec-6] c.d.c.m.a.service.AuthenticationService  :   employmentType: FULL_TIME
Hibernate: 
    insert 
    into
        refresh_tokens
        (account_id, created_at, expires_at, is_active, token_hash, updated_at, id) 
    values
        (?, ?, ?, ?, ?, ?, ?)
2025-11-11T04:40:21.466-08:00  INFO 3564 --- [Dental Clinic Management] [nio-8080-exec-8] c.d.c.m.t.c.TreatmentPlanController      : REST request to create treatment plan - Patient: BN-1001, Template: TPL_ORTHO_METAL, Doctor: EMP001
2025-11-11T04:40:21.471-08:00  INFO 3564 --- [Dental Clinic Management] [nio-8080-exec-8] c.d.c.m.t.s.TreatmentPlanCreationService : Creating treatment plan from template. Patient: BN-1001, Template: TPL_ORTHO_METAL, Doctor: EMP001
Hibernate: 
    select
        p1_0.patient_id,
        p1_0.account_id,
        p1_0.address,
        p1_0.allergies,
        p1_0.created_at,
        p1_0.date_of_birth,
        p1_0.email,
        p1_0.emergency_contact_name,
        p1_0.emergency_contact_phone,
        p1_0.first_name,
        p1_0.gender,
        p1_0.is_active,
        p1_0.last_name,
        p1_0.medical_history,
        p1_0.patient_code,
        p1_0.phone,
        p1_0.updated_at 
    from
        patients p1_0 
    where
        p1_0.patient_code=?
Hibernate: 
    select
        e1_0.employee_id,
        e1_0.account_id,
        e1_0.address,
        e1_0.created_at,
        e1_0.date_of_birth,
        e1_0.employee_code,
        e1_0.employment_type,
        e1_0.first_name,
        e1_0.is_active,
        e1_0.last_name,
        e1_0.phone 
    from
        employees e1_0 
    where
        e1_0.employee_code=?
2025-11-11T04:40:21.572-08:00 ERROR 3564 --- [Dental Clinic Management] [nio-8080-exec-8] c.d.c.m.e.GlobalExceptionHandler         : Unexpected error at /api/v1/patients/BN-1001/treatment-plans: org.hibernate.loader.MultipleBagFetchException: cannot simultaneously fetch multiple bags: [com.dental.clinic.management.treatment_plans.domain.template.TemplatePhase.phaseServices, com.dental.clinic.management.treatment_plans.domain.template.TreatmentPlanTemplate.templatePhases]

org.springframework.dao.InvalidDataAccessApiUsageException: org.hibernate.loader.MultipleBagFetchException: cannot simultaneously fetch multiple bags: [com.dental.clinic.management.treatment_plans.domain.template.TemplatePhase.phaseServices, com.dental.clinic.management.treatment_plans.domain.template.TreatmentPlanTemplate.templatePhases]
	at org.springframework.orm.jpa.EntityManagerFactoryUtils.convertJpaAccessExceptionIfPossible(EntityManagerFactoryUtils.java:371) ~[spring-orm-6.1.13.jar:6.1.13]
	at org.springframework.orm.jpa.vendor.HibernateJpaDialect.translateExceptionIfPossible(HibernateJpaDialect.java:246) ~[spring-orm-6.1.13.jar:6.1.13]
	at org.springframework.orm.jpa.AbstractEntityManagerFactoryBean.translateExceptionIfPossible(AbstractEntityManagerFactoryBean.java:550) ~[spring-orm-6.1.13.jar:6.1.13]
	at org.springframework.dao.support.ChainedPersistenceExceptionTranslator.translateExceptionIfPossible(ChainedPersistenceExceptionTranslator.java:61) ~[spring-tx-6.1.13.jar:6.1.13]
	at org.springframework.dao.support.DataAccessUtils.translateIfNecessary(DataAccessUtils.java:335) ~[spring-tx-6.1.13.jar:6.1.13]
	at org.springframework.dao.support.PersistenceExceptionTranslationInterceptor.invoke(PersistenceExceptionTranslationInterceptor.java:160) ~[spring-tx-6.1.13.jar:6.1.13]
	at org.springframework.aop.framework.ReflectiveMethodInvocation.proceed(ReflectiveMethodInvocation.java:184) ~[spring-aop-6.1.13.jar:6.1.13]
	at org.springframework.data.jpa.repository.support.CrudMethodMetadataPostProcessor$CrudMethodMetadataPopulatingMethodInterceptor.invoke(CrudMethodMetadataPostProcessor.java:135) ~[spring-data-jpa-3.2.10.jar:3.2.10]
	at org.springframework.aop.framework.ReflectiveMethodInvocation.proceed(ReflectiveMethodInvocation.java:184) ~[spring-aop-6.1.13.jar:6.1.13]
	at org.springframework.aop.interceptor.ExposeInvocationInterceptor.invoke(ExposeInvocationInterceptor.java:97) ~[spring-aop-6.1.13.jar:6.1.13]
	at org.springframework.aop.framework.ReflectiveMethodInvocation.proceed(ReflectiveMethodInvocation.java:184) ~[spring-aop-6.1.13.jar:6.1.13]
	at org.springframework.aop.framework.JdkDynamicAopProxy.invoke(JdkDynamicAopProxy.java:223) ~[spring-aop-6.1.13.jar:6.1.13]
	at jdk.proxy2/jdk.proxy2.$Proxy241.findByTemplateCodeWithPhasesAndServices(Unknown Source) ~[na:na]
	at com.dental.clinic.management.treatment_plans.service.TreatmentPlanCreationService.createTreatmentPlanFromTemplate(TreatmentPlanCreationService.java:91) ~[classes/:na]
	at java.base/jdk.internal.reflect.NativeMethodAccessorImpl.invoke0(Native Method) ~[na:na]
	at java.base/jdk.internal.reflect.NativeMethodAccessorImpl.invoke(NativeMethodAccessorImpl.java:77) ~[na:na]
	at java.base/jdk.internal.reflect.DelegatingMethodAccessorImpl.invoke(DelegatingMethodAccessorImpl.java:43) ~[na:na]
	at java.base/java.lang.reflect.Method.invoke(Method.java:568) ~[na:na]
	at org.springframework.aop.support.AopUtils.invokeJoinpointUsingReflection(AopUtils.java:355) ~[spring-aop-6.1.13.jar:6.1.13]
	at org.springframework.aop.framework.ReflectiveMethodInvocation.invokeJoinpoint(ReflectiveMethodInvocation.java:196) ~[spring-aop-6.1.13.jar:6.1.13]
	at org.springframework.aop.framework.ReflectiveMethodInvocation.proceed(ReflectiveMethodInvocation.java:163) ~[spring-aop-6.1.13.jar:6.1.13]
	at org.springframework.aop.framework.CglibAopProxy$CglibMethodInvocation.proceed(CglibAopProxy.java:768) ~[spring-aop-6.1.13.jar:6.1.13]
	at org.springframework.transaction.interceptor.TransactionAspectSupport.invokeWithinTransaction(TransactionAspectSupport.java:379) ~[spring-tx-6.1.13.jar:6.1.13]
	at org.springframework.transaction.interceptor.TransactionInterceptor.invoke(TransactionInterceptor.java:119) ~[spring-tx-6.1.13.jar:6.1.13]
	at org.springframework.aop.framework.ReflectiveMethodInvocation.proceed(ReflectiveMethodInvocation.java:184) ~[spring-aop-6.1.13.jar:6.1.13]
	at org.springframework.aop.framework.CglibAopProxy$CglibMethodInvocation.proceed(CglibAopProxy.java:768) ~[spring-aop-6.1.13.jar:6.1.13]
	at org.springframework.aop.framework.CglibAopProxy$DynamicAdvisedInterceptor.intercept(CglibAopProxy.java:720) ~[spring-aop-6.1.13.jar:6.1.13]
	at com.dental.clinic.management.treatment_plans.service.TreatmentPlanCreationService$$SpringCGLIB$$0.createTreatmentPlanFromTemplate(<generated>) ~[classes/:na]
	at com.dental.clinic.management.treatment_plans.controller.TreatmentPlanController.createTreatmentPlan(TreatmentPlanController.java:153) ~[classes/:na]
	at java.base/jdk.internal.reflect.NativeMethodAccessorImpl.invoke0(Native Method) ~[na:na]
	at java.base/jdk.internal.reflect.NativeMethodAccessorImpl.invoke(NativeMethodAccessorImpl.java:77) ~[na:na]
	at java.base/jdk.internal.reflect.DelegatingMethodAccessorImpl.invoke(DelegatingMethodAccessorImpl.java:43) ~[na:na]
	at java.base/java.lang.reflect.Method.invoke(Method.java:568) ~[na:na]
	at org.springframework.web.method.support.InvocableHandlerMethod.doInvoke(InvocableHandlerMethod.java:255) ~[spring-web-6.1.13.jar:6.1.13]
	at org.springframework.web.method.support.InvocableHandlerMethod.invokeForRequest(InvocableHandlerMethod.java:188) ~[spring-web-6.1.13.jar:6.1.13]
	at org.springframework.web.servlet.mvc.method.annotation.ServletInvocableHandlerMethod.invokeAndHandle(ServletInvocableHandlerMethod.java:118) ~[spring-webmvc-6.1.13.jar:6.1.13]
	at org.springframework.web.servlet.mvc.method.annotation.RequestMappingHandlerAdapter.invokeHandlerMethod(RequestMappingHandlerAdapter.java:926) ~[spring-webmvc-6.1.13.jar:6.1.13]
	at org.springframework.web.servlet.mvc.method.annotation.RequestMappingHandlerAdapter.handleInternal(RequestMappingHandlerAdapter.java:831) ~[spring-webmvc-6.1.13.jar:6.1.13]
	at org.springframework.web.servlet.mvc.method.AbstractHandlerMethodAdapter.handle(AbstractHandlerMethodAdapter.java:87) ~[spring-webmvc-6.1.13.jar:6.1.13]
	at org.springframework.web.servlet.DispatcherServlet.doDispatch(DispatcherServlet.java:1089) ~[spring-webmvc-6.1.13.jar:6.1.13]
	at org.springframework.web.servlet.DispatcherServlet.doService(DispatcherServlet.java:979) ~[spring-webmvc-6.1.13.jar:6.1.13]
	at org.springframework.web.servlet.FrameworkServlet.processRequest(FrameworkServlet.java:1014) ~[spring-webmvc-6.1.13.jar:6.1.13]
	at org.springframework.web.servlet.FrameworkServlet.doPost(FrameworkServlet.java:914) ~[spring-webmvc-6.1.13.jar:6.1.13]
	at jakarta.servlet.http.HttpServlet.service(HttpServlet.java:590) ~[tomcat-embed-core-10.1.30.jar:6.0]
	at org.springframework.web.servlet.FrameworkServlet.service(FrameworkServlet.java:885) ~[spring-webmvc-6.1.13.jar:6.1.13]
	at jakarta.servlet.http.HttpServlet.service(HttpServlet.java:658) ~[tomcat-embed-core-10.1.30.jar:6.0]
	at org.apache.catalina.core.ApplicationFilterChain.internalDoFilter(ApplicationFilterChain.java:195) ~[tomcat-embed-core-10.1.30.jar:10.1.30]
	at org.apache.catalina.core.ApplicationFilterChain.doFilter(ApplicationFilterChain.java:140) ~[tomcat-embed-core-10.1.30.jar:10.1.30]
	at org.apache.tomcat.websocket.server.WsFilter.doFilter(WsFilter.java:51) ~[tomcat-embed-websocket-10.1.30.jar:10.1.30]
	at org.apache.catalina.core.ApplicationFilterChain.internalDoFilter(ApplicationFilterChain.java:164) ~[tomcat-embed-core-10.1.30.jar:10.1.30]
	at org.apache.catalina.core.ApplicationFilterChain.doFilter(ApplicationFilterChain.java:140) ~[tomcat-embed-core-10.1.30.jar:10.1.30]
	at org.springframework.web.filter.OncePerRequestFilter.doFilter(OncePerRequestFilter.java:110) ~[spring-web-6.1.13.jar:6.1.13]
	at org.apache.catalina.core.ApplicationFilterChain.internalDoFilter(ApplicationFilterChain.java:164) ~[tomcat-embed-core-10.1.30.jar:10.1.30]
	at org.apache.catalina.core.ApplicationFilterChain.doFilter(ApplicationFilterChain.java:140) ~[tomcat-embed-core-10.1.30.jar:10.1.30]
	at org.springframework.web.filter.CompositeFilter$VirtualFilterChain.doFilter(CompositeFilter.java:108) ~[spring-web-6.1.13.jar:6.1.13]
	at org.springframework.security.web.FilterChainProxy.lambda$doFilterInternal$3(FilterChainProxy.java:231) ~[spring-security-web-6.2.6.jar:6.2.6]
	at org.springframework.security.web.ObservationFilterChainDecorator$FilterObservation$SimpleFilterObservation.lambda$wrap$1(ObservationFilterChainDecorator.java:479) ~[spring-security-web-6.2.6.jar:6.2.6]
	at org.springframework.security.web.ObservationFilterChainDecorator$AroundFilterObservation$SimpleAroundFilterObservation.lambda$wrap$1(ObservationFilterChainDecorator.java:340) ~[spring-security-web-6.2.6.jar:6.2.6]
	at org.springframework.security.web.ObservationFilterChainDecorator.lambda$wrapSecured$0(ObservationFilterChainDecorator.java:82) ~[spring-security-web-6.2.6.jar:6.2.6]
	at org.springframework.security.web.ObservationFilterChainDecorator$VirtualFilterChain.doFilter(ObservationFilterChainDecorator.java:128) ~[spring-security-web-6.2.6.jar:6.2.6]
	at org.springframework.security.web.access.intercept.AuthorizationFilter.doFilter(AuthorizationFilter.java:100) ~[spring-security-web-6.2.6.jar:6.2.6]
	at org.springframework.security.web.ObservationFilterChainDecorator$ObservationFilter.wrapFilter(ObservationFilterChainDecorator.java:240) ~[spring-security-web-6.2.6.jar:6.2.6]
	at org.springframework.security.web.ObservationFilterChainDecorator$ObservationFilter.doFilter(ObservationFilterChainDecorator.java:227) ~[spring-security-web-6.2.6.jar:6.2.6]
	at org.springframework.security.web.ObservationFilterChainDecorator$VirtualFilterChain.doFilter(ObservationFilterChainDecorator.java:137) ~[spring-security-web-6.2.6.jar:6.2.6]
	at org.springframework.security.web.access.ExceptionTranslationFilter.doFilter(ExceptionTranslationFilter.java:126) ~[spring-security-web-6.2.6.jar:6.2.6]
	at org.springframework.security.web.access.ExceptionTranslationFilter.doFilter(ExceptionTranslationFilter.java:120) ~[spring-security-web-6.2.6.jar:6.2.6]
	at org.springframework.security.web.ObservationFilterChainDecorator$ObservationFilter.wrapFilter(ObservationFilterChainDecorator.java:240) ~[spring-security-web-6.2.6.jar:6.2.6]
	at org.springframework.security.web.ObservationFilterChainDecorator$ObservationFilter.doFilter(ObservationFilterChainDecorator.java:227) ~[spring-security-web-6.2.6.jar:6.2.6]
	at org.springframework.security.web.ObservationFilterChainDecorator$VirtualFilterChain.doFilter(ObservationFilterChainDecorator.java:137) ~[spring-security-web-6.2.6.jar:6.2.6]
	at org.springframework.security.web.session.SessionManagementFilter.doFilter(SessionManagementFilter.java:131) ~[spring-security-web-6.2.6.jar:6.2.6]
	at org.springframework.security.web.session.SessionManagementFilter.doFilter(SessionManagementFilter.java:85) ~[spring-security-web-6.2.6.jar:6.2.6]
	at org.springframework.security.web.ObservationFilterChainDecorator$ObservationFilter.wrapFilter(ObservationFilterChainDecorator.java:240) ~[spring-security-web-6.2.6.jar:6.2.6]
	at org.springframework.security.web.ObservationFilterChainDecorator$ObservationFilter.doFilter(ObservationFilterChainDecorator.java:227) ~[spring-security-web-6.2.6.jar:6.2.6]
	at org.springframework.security.web.ObservationFilterChainDecorator$VirtualFilterChain.doFilter(ObservationFilterChainDecorator.java:137) ~[spring-security-web-6.2.6.jar:6.2.6]
	at org.springframework.security.web.authentication.AnonymousAuthenticationFilter.doFilter(AnonymousAuthenticationFilter.java:100) ~[spring-security-web-6.2.6.jar:6.2.6]
	at org.springframework.security.web.ObservationFilterChainDecorator$ObservationFilter.wrapFilter(ObservationFilterChainDecorator.java:240) ~[spring-security-web-6.2.6.jar:6.2.6]
	at org.springframework.security.web.ObservationFilterChainDecorator$ObservationFilter.doFilter(ObservationFilterChainDecorator.java:227) ~[spring-security-web-6.2.6.jar:6.2.6]
	at org.springframework.security.web.ObservationFilterChainDecorator$VirtualFilterChain.doFilter(ObservationFilterChainDecorator.java:137) ~[spring-security-web-6.2.6.jar:6.2.6]
	at org.springframework.security.web.servletapi.SecurityContextHolderAwareRequestFilter.doFilter(SecurityContextHolderAwareRequestFilter.java:179) ~[spring-security-web-6.2.6.jar:6.2.6]
	at org.springframework.security.web.ObservationFilterChainDecorator$ObservationFilter.wrapFilter(ObservationFilterChainDecorator.java:240) ~[spring-security-web-6.2.6.jar:6.2.6]
	at org.springframework.security.web.ObservationFilterChainDecorator$ObservationFilter.doFilter(ObservationFilterChainDecorator.java:227) ~[spring-security-web-6.2.6.jar:6.2.6]
	at org.springframework.security.web.ObservationFilterChainDecorator$VirtualFilterChain.doFilter(ObservationFilterChainDecorator.java:137) ~[spring-security-web-6.2.6.jar:6.2.6]
	at org.springframework.security.web.savedrequest.RequestCacheAwareFilter.doFilter(RequestCacheAwareFilter.java:63) ~[spring-security-web-6.2.6.jar:6.2.6]
	at org.springframework.security.web.ObservationFilterChainDecorator$ObservationFilter.wrapFilter(ObservationFilterChainDecorator.java:240) ~[spring-security-web-6.2.6.jar:6.2.6]
	at org.springframework.security.web.ObservationFilterChainDecorator$ObservationFilter.doFilter(ObservationFilterChainDecorator.java:227) ~[spring-security-web-6.2.6.jar:6.2.6]
	at org.springframework.security.web.ObservationFilterChainDecorator$VirtualFilterChain.doFilter(ObservationFilterChainDecorator.java:137) ~[spring-security-web-6.2.6.jar:6.2.6]
	at org.springframework.security.oauth2.server.resource.web.authentication.BearerTokenAuthenticationFilter.doFilterInternal(BearerTokenAuthenticationFilter.java:145) ~[spring-security-oauth2-resource-server-6.2.6.jar:6.2.6]
	at org.springframework.web.filter.OncePerRequestFilter.doFilter(OncePerRequestFilter.java:116) ~[spring-web-6.1.13.jar:6.1.13]
	at org.springframework.security.web.ObservationFilterChainDecorator$ObservationFilter.wrapFilter(ObservationFilterChainDecorator.java:240) ~[spring-security-web-6.2.6.jar:6.2.6]
	at org.springframework.security.web.ObservationFilterChainDecorator$ObservationFilter.doFilter(ObservationFilterChainDecorator.java:227) ~[spring-security-web-6.2.6.jar:6.2.6]
	at org.springframework.security.web.ObservationFilterChainDecorator$VirtualFilterChain.doFilter(ObservationFilterChainDecorator.java:137) ~[spring-security-web-6.2.6.jar:6.2.6]
	at com.dental.clinic.management.config.JwtBlacklistFilter.doFilterInternal(JwtBlacklistFilter.java:45) ~[classes/:na]
	at org.springframework.web.filter.OncePerRequestFilter.doFilter(OncePerRequestFilter.java:116) ~[spring-web-6.1.13.jar:6.1.13]
	at org.springframework.security.web.ObservationFilterChainDecorator$ObservationFilter.wrapFilter(ObservationFilterChainDecorator.java:240) ~[spring-security-web-6.2.6.jar:6.2.6]
	at org.springframework.security.web.ObservationFilterChainDecorator$ObservationFilter.doFilter(ObservationFilterChainDecorator.java:227) ~[spring-security-web-6.2.6.jar:6.2.6]
	at org.springframework.security.web.ObservationFilterChainDecorator$VirtualFilterChain.doFilter(ObservationFilterChainDecorator.java:137) ~[spring-security-web-6.2.6.jar:6.2.6]
	at org.springframework.security.web.authentication.logout.LogoutFilter.doFilter(LogoutFilter.java:107) ~[spring-security-web-6.2.6.jar:6.2.6]
	at org.springframework.security.web.authentication.logout.LogoutFilter.doFilter(LogoutFilter.java:93) ~[spring-security-web-6.2.6.jar:6.2.6]
	at org.springframework.security.web.ObservationFilterChainDecorator$ObservationFilter.wrapFilter(ObservationFilterChainDecorator.java:240) ~[spring-security-web-6.2.6.jar:6.2.6]
	at org.springframework.security.web.ObservationFilterChainDecorator$ObservationFilter.doFilter(ObservationFilterChainDecorator.java:227) ~[spring-security-web-6.2.6.jar:6.2.6]
	at org.springframework.security.web.ObservationFilterChainDecorator$VirtualFilterChain.doFilter(ObservationFilterChainDecorator.java:137) ~[spring-security-web-6.2.6.jar:6.2.6]
	at org.springframework.web.filter.CorsFilter.doFilterInternal(CorsFilter.java:91) ~[spring-web-6.1.13.jar:6.1.13]
	at org.springframework.web.filter.OncePerRequestFilter.doFilter(OncePerRequestFilter.java:116) ~[spring-web-6.1.13.jar:6.1.13]
	at org.springframework.security.web.ObservationFilterChainDecorator$ObservationFilter.wrapFilter(ObservationFilterChainDecorator.java:240) ~[spring-security-web-6.2.6.jar:6.2.6]
	at org.springframework.security.web.ObservationFilterChainDecorator$ObservationFilter.doFilter(ObservationFilterChainDecorator.java:227) ~[spring-security-web-6.2.6.jar:6.2.6]
	at org.springframework.security.web.ObservationFilterChainDecorator$VirtualFilterChain.doFilter(ObservationFilterChainDecorator.java:137) ~[spring-security-web-6.2.6.jar:6.2.6]
	at org.springframework.security.web.header.HeaderWriterFilter.doHeadersAfter(HeaderWriterFilter.java:90) ~[spring-security-web-6.2.6.jar:6.2.6]
	at org.springframework.security.web.header.HeaderWriterFilter.doFilterInternal(HeaderWriterFilter.java:75) ~[spring-security-web-6.2.6.jar:6.2.6]
	at org.springframework.web.filter.OncePerRequestFilter.doFilter(OncePerRequestFilter.java:116) ~[spring-web-6.1.13.jar:6.1.13]
	at org.springframework.security.web.ObservationFilterChainDecorator$ObservationFilter.wrapFilter(ObservationFilterChainDecorator.java:240) ~[spring-security-web-6.2.6.jar:6.2.6]
	at org.springframework.security.web.ObservationFilterChainDecorator$ObservationFilter.doFilter(ObservationFilterChainDecorator.java:227) ~[spring-security-web-6.2.6.jar:6.2.6]
	at org.springframework.security.web.ObservationFilterChainDecorator$VirtualFilterChain.doFilter(ObservationFilterChainDecorator.java:137) ~[spring-security-web-6.2.6.jar:6.2.6]
	at org.springframework.security.web.context.SecurityContextHolderFilter.doFilter(SecurityContextHolderFilter.java:82) ~[spring-security-web-6.2.6.jar:6.2.6]
	at org.springframework.security.web.context.SecurityContextHolderFilter.doFilter(SecurityContextHolderFilter.java:69) ~[spring-security-web-6.2.6.jar:6.2.6]
	at org.springframework.security.web.ObservationFilterChainDecorator$ObservationFilter.wrapFilter(ObservationFilterChainDecorator.java:240) ~[spring-security-web-6.2.6.jar:6.2.6]
	at org.springframework.security.web.ObservationFilterChainDecorator$ObservationFilter.doFilter(ObservationFilterChainDecorator.java:227) ~[spring-security-web-6.2.6.jar:6.2.6]
	at org.springframework.security.web.ObservationFilterChainDecorator$VirtualFilterChain.doFilter(ObservationFilterChainDecorator.java:137) ~[spring-security-web-6.2.6.jar:6.2.6]
	at org.springframework.security.web.context.request.async.WebAsyncManagerIntegrationFilter.doFilterInternal(WebAsyncManagerIntegrationFilter.java:62) ~[spring-security-web-6.2.6.jar:6.2.6]
	at org.springframework.web.filter.OncePerRequestFilter.doFilter(OncePerRequestFilter.java:116) ~[spring-web-6.1.13.jar:6.1.13]
	at org.springframework.security.web.ObservationFilterChainDecorator$ObservationFilter.wrapFilter(ObservationFilterChainDecorator.java:240) ~[spring-security-web-6.2.6.jar:6.2.6]
	at org.springframework.security.web.ObservationFilterChainDecorator$ObservationFilter.doFilter(ObservationFilterChainDecorator.java:227) ~[spring-security-web-6.2.6.jar:6.2.6]
	at org.springframework.security.web.ObservationFilterChainDecorator$VirtualFilterChain.doFilter(ObservationFilterChainDecorator.java:137) ~[spring-security-web-6.2.6.jar:6.2.6]
	at org.springframework.security.web.session.DisableEncodeUrlFilter.doFilterInternal(DisableEncodeUrlFilter.java:42) ~[spring-security-web-6.2.6.jar:6.2.6]
	at org.springframework.web.filter.OncePerRequestFilter.doFilter(OncePerRequestFilter.java:116) ~[spring-web-6.1.13.jar:6.1.13]
	at org.springframework.security.web.ObservationFilterChainDecorator$ObservationFilter.wrapFilter(ObservationFilterChainDecorator.java:240) ~[spring-security-web-6.2.6.jar:6.2.6]
	at org.springframework.security.web.ObservationFilterChainDecorator$AroundFilterObservation$SimpleAroundFilterObservation.lambda$wrap$0(ObservationFilterChainDecorator.java:323) ~[spring-security-web-6.2.6.jar:6.2.6]
	at org.springframework.security.web.ObservationFilterChainDecorator$ObservationFilter.doFilter(ObservationFilterChainDecorator.java:224) ~[spring-security-web-6.2.6.jar:6.2.6]
	at org.springframework.security.web.ObservationFilterChainDecorator$VirtualFilterChain.doFilter(ObservationFilterChainDecorator.java:137) ~[spring-security-web-6.2.6.jar:6.2.6]
	at org.springframework.security.web.FilterChainProxy.doFilterInternal(FilterChainProxy.java:233) ~[spring-security-web-6.2.6.jar:6.2.6]
	at org.springframework.security.web.FilterChainProxy.doFilter(FilterChainProxy.java:191) ~[spring-security-web-6.2.6.jar:6.2.6]
	at org.springframework.web.filter.CompositeFilter$VirtualFilterChain.doFilter(CompositeFilter.java:113) ~[spring-web-6.1.13.jar:6.1.13]
	at org.springframework.web.servlet.handler.HandlerMappingIntrospector.lambda$createCacheFilter$3(HandlerMappingIntrospector.java:195) ~[spring-webmvc-6.1.13.jar:6.1.13]
	at org.springframework.web.filter.CompositeFilter$VirtualFilterChain.doFilter(CompositeFilter.java:113) ~[spring-web-6.1.13.jar:6.1.13]
	at org.springframework.web.filter.CompositeFilter.doFilter(CompositeFilter.java:74) ~[spring-web-6.1.13.jar:6.1.13]
	at org.springframework.security.config.annotation.web.configuration.WebMvcSecurityConfiguration$CompositeFilterChainProxy.doFilter(WebMvcSecurityConfiguration.java:230) ~[spring-security-config-6.2.6.jar:6.2.6]
	at org.springframework.web.filter.DelegatingFilterProxy.invokeDelegate(DelegatingFilterProxy.java:352) ~[spring-web-6.1.13.jar:6.1.13]
	at org.springframework.web.filter.DelegatingFilterProxy.doFilter(DelegatingFilterProxy.java:268) ~[spring-web-6.1.13.jar:6.1.13]
	at org.apache.catalina.core.ApplicationFilterChain.internalDoFilter(ApplicationFilterChain.java:164) ~[tomcat-embed-core-10.1.30.jar:10.1.30]
	at org.apache.catalina.core.ApplicationFilterChain.doFilter(ApplicationFilterChain.java:140) ~[tomcat-embed-core-10.1.30.jar:10.1.30]
	at org.springframework.web.filter.RequestContextFilter.doFilterInternal(RequestContextFilter.java:100) ~[spring-web-6.1.13.jar:6.1.13]
	at org.springframework.web.filter.OncePerRequestFilter.doFilter(OncePerRequestFilter.java:116) ~[spring-web-6.1.13.jar:6.1.13]
	at org.apache.catalina.core.ApplicationFilterChain.internalDoFilter(ApplicationFilterChain.java:164) ~[tomcat-embed-core-10.1.30.jar:10.1.30]
	at org.apache.catalina.core.ApplicationFilterChain.doFilter(ApplicationFilterChain.java:140) ~[tomcat-embed-core-10.1.30.jar:10.1.30]
	at org.springframework.web.filter.FormContentFilter.doFilterInternal(FormContentFilter.java:93) ~[spring-web-6.1.13.jar:6.1.13]
	at org.springframework.web.filter.OncePerRequestFilter.doFilter(OncePerRequestFilter.java:116) ~[spring-web-6.1.13.jar:6.1.13]
	at org.apache.catalina.core.ApplicationFilterChain.internalDoFilter(ApplicationFilterChain.java:164) ~[tomcat-embed-core-10.1.30.jar:10.1.30]
	at org.apache.catalina.core.ApplicationFilterChain.doFilter(ApplicationFilterChain.java:140) ~[tomcat-embed-core-10.1.30.jar:10.1.30]
	at org.springframework.web.filter.ServerHttpObservationFilter.doFilterInternal(ServerHttpObservationFilter.java:113) ~[spring-web-6.1.13.jar:6.1.13]
	at org.springframework.web.filter.OncePerRequestFilter.doFilter(OncePerRequestFilter.java:116) ~[spring-web-6.1.13.jar:6.1.13]
	at org.apache.catalina.core.ApplicationFilterChain.internalDoFilter(ApplicationFilterChain.java:164) ~[tomcat-embed-core-10.1.30.jar:10.1.30]
	at org.apache.catalina.core.ApplicationFilterChain.doFilter(ApplicationFilterChain.java:140) ~[tomcat-embed-core-10.1.30.jar:10.1.30]
	at org.springframework.web.filter.CharacterEncodingFilter.doFilterInternal(CharacterEncodingFilter.java:201) ~[spring-web-6.1.13.jar:6.1.13]
	at org.springframework.web.filter.OncePerRequestFilter.doFilter(OncePerRequestFilter.java:116) ~[spring-web-6.1.13.jar:6.1.13]
	at org.apache.catalina.core.ApplicationFilterChain.internalDoFilter(ApplicationFilterChain.java:164) ~[tomcat-embed-core-10.1.30.jar:10.1.30]
	at org.apache.catalina.core.ApplicationFilterChain.doFilter(ApplicationFilterChain.java:140) ~[tomcat-embed-core-10.1.30.jar:10.1.30]
	at org.apache.catalina.core.StandardWrapperValve.invoke(StandardWrapperValve.java:167) ~[tomcat-embed-core-10.1.30.jar:10.1.30]
	at org.apache.catalina.core.StandardContextValve.invoke(StandardContextValve.java:90) ~[tomcat-embed-core-10.1.30.jar:10.1.30]
	at org.apache.catalina.authenticator.AuthenticatorBase.invoke(AuthenticatorBase.java:483) ~[tomcat-embed-core-10.1.30.jar:10.1.30]
	at org.apache.catalina.core.StandardHostValve.invoke(StandardHostValve.java:115) ~[tomcat-embed-core-10.1.30.jar:10.1.30]
	at org.apache.catalina.valves.ErrorReportValve.invoke(ErrorReportValve.java:93) ~[tomcat-embed-core-10.1.30.jar:10.1.30]
	at org.apache.catalina.core.StandardEngineValve.invoke(StandardEngineValve.java:74) ~[tomcat-embed-core-10.1.30.jar:10.1.30]
	at org.apache.catalina.connector.CoyoteAdapter.service(CoyoteAdapter.java:344) ~[tomcat-embed-core-10.1.30.jar:10.1.30]
	at org.apache.coyote.http11.Http11Processor.service(Http11Processor.java:384) ~[tomcat-embed-core-10.1.30.jar:10.1.30]
	at org.apache.coyote.AbstractProcessorLight.process(AbstractProcessorLight.java:63) ~[tomcat-embed-core-10.1.30.jar:10.1.30]
	at org.apache.coyote.AbstractProtocol$ConnectionHandler.process(AbstractProtocol.java:905) ~[tomcat-embed-core-10.1.30.jar:10.1.30]
	at org.apache.tomcat.util.net.NioEndpoint$SocketProcessor.doRun(NioEndpoint.java:1741) ~[tomcat-embed-core-10.1.30.jar:10.1.30]
	at org.apache.tomcat.util.net.SocketProcessorBase.run(SocketProcessorBase.java:52) ~[tomcat-embed-core-10.1.30.jar:10.1.30]
	at org.apache.tomcat.util.threads.ThreadPoolExecutor.runWorker(ThreadPoolExecutor.java:1190) ~[tomcat-embed-core-10.1.30.jar:10.1.30]
	at org.apache.tomcat.util.threads.ThreadPoolExecutor$Worker.run(ThreadPoolExecutor.java:659) ~[tomcat-embed-core-10.1.30.jar:10.1.30]
	at org.apache.tomcat.util.threads.TaskThread$WrappingRunnable.run(TaskThread.java:63) ~[tomcat-embed-core-10.1.30.jar:10.1.30]
	at java.base/java.lang.Thread.run(Thread.java:842) ~[na:na]
Caused by: java.lang.IllegalArgumentException: org.hibernate.loader.MultipleBagFetchException: cannot simultaneously fetch multiple bags: [com.dental.clinic.management.treatment_plans.domain.template.TemplatePhase.phaseServices, com.dental.clinic.management.treatment_plans.domain.template.TreatmentPlanTemplate.templatePhases]
	at org.hibernate.internal.ExceptionConverterImpl.convert(ExceptionConverterImpl.java:146) ~[hibernate-core-6.4.10.Final.jar:6.4.10.Final]
	at org.hibernate.query.spi.AbstractSelectionQuery.list(AbstractSelectionQuery.java:438) ~[hibernate-core-6.4.10.Final.jar:6.4.10.Final]
	at org.hibernate.query.spi.AbstractSelectionQuery.getSingleResult(AbstractSelectionQuery.java:564) ~[hibernate-core-6.4.10.Final.jar:6.4.10.Final]
	at org.springframework.data.jpa.repository.query.JpaQueryExecution$SingleEntityExecution.doExecute(JpaQueryExecution.java:223) ~[spring-data-jpa-3.2.10.jar:3.2.10]
	at org.springframework.data.jpa.repository.query.JpaQueryExecution.execute(JpaQueryExecution.java:92) ~[spring-data-jpa-3.2.10.jar:3.2.10]
	at org.springframework.data.jpa.repository.query.AbstractJpaQuery.doExecute(AbstractJpaQuery.java:149) ~[spring-data-jpa-3.2.10.jar:3.2.10]
	at org.springframework.data.jpa.repository.query.AbstractJpaQuery.execute(AbstractJpaQuery.java:137) ~[spring-data-jpa-3.2.10.jar:3.2.10]
	at org.springframework.data.repository.core.support.RepositoryMethodInvoker.doInvoke(RepositoryMethodInvoker.java:170) ~[spring-data-commons-3.2.10.jar:3.2.10]
	at org.springframework.data.repository.core.support.RepositoryMethodInvoker.invoke(RepositoryMethodInvoker.java:158) ~[spring-data-commons-3.2.10.jar:3.2.10]
	at org.springframework.data.repository.core.support.QueryExecutorMethodInterceptor.doInvoke(QueryExecutorMethodInterceptor.java:169) ~[spring-data-commons-3.2.10.jar:3.2.10]
	at org.springframework.data.repository.core.support.QueryExecutorMethodInterceptor.invoke(QueryExecutorMethodInterceptor.java:148) ~[spring-data-commons-3.2.10.jar:3.2.10]
	at org.springframework.aop.framework.ReflectiveMethodInvocation.proceed(ReflectiveMethodInvocation.java:184) ~[spring-aop-6.1.13.jar:6.1.13]
	at org.springframework.data.projection.DefaultMethodInvokingMethodInterceptor.invoke(DefaultMethodInvokingMethodInterceptor.java:70) ~[spring-data-commons-3.2.10.jar:3.2.10]
	at org.springframework.aop.framework.ReflectiveMethodInvocation.proceed(ReflectiveMethodInvocation.java:184) ~[spring-aop-6.1.13.jar:6.1.13]
	at org.springframework.transaction.interceptor.TransactionAspectSupport.invokeWithinTransaction(TransactionAspectSupport.java:379) ~[spring-tx-6.1.13.jar:6.1.13]
	at org.springframework.transaction.interceptor.TransactionInterceptor.invoke(TransactionInterceptor.java:119) ~[spring-tx-6.1.13.jar:6.1.13]
	at org.springframework.aop.framework.ReflectiveMethodInvocation.proceed(ReflectiveMethodInvocation.java:184) ~[spring-aop-6.1.13.jar:6.1.13]
	at org.springframework.dao.support.PersistenceExceptionTranslationInterceptor.invoke(PersistenceExceptionTranslationInterceptor.java:138) ~[spring-tx-6.1.13.jar:6.1.13]
	... 165 common frames omitted
Caused by: org.hibernate.loader.MultipleBagFetchException: cannot simultaneously fetch multiple bags: [com.dental.clinic.management.treatment_plans.domain.template.TemplatePhase.phaseServices, com.dental.clinic.management.treatment_plans.domain.template.TreatmentPlanTemplate.templatePhases]
	at org.hibernate.query.sqm.sql.BaseSqmToSqlAstConverter.createFetch(BaseSqmToSqlAstConverter.java:8257) ~[hibernate-core-6.4.10.Final.jar:6.4.10.Final]
	at org.hibernate.query.sqm.sql.BaseSqmToSqlAstConverter.visitFetches(BaseSqmToSqlAstConverter.java:8311) ~[hibernate-core-6.4.10.Final.jar:6.4.10.Final]
	at org.hibernate.sql.results.graph.AbstractFetchParent.afterInitialize(AbstractFetchParent.java:30) ~[hibernate-core-6.4.10.Final.jar:6.4.10.Final]
	at org.hibernate.sql.results.graph.entity.AbstractEntityResultGraphNode.afterInitialize(AbstractEntityResultGraphNode.java:69) ~[hibernate-core-6.4.10.Final.jar:6.4.10.Final]
	at org.hibernate.persister.entity.AbstractEntityPersister.createDomainResult(AbstractEntityPersister.java:1313) ~[hibernate-core-6.4.10.Final.jar:6.4.10.Final]
	at org.hibernate.query.sqm.sql.internal.AbstractSqmPathInterpretation.createDomainResult(AbstractSqmPathInterpretation.java:55) ~[hibernate-core-6.4.10.Final.jar:6.4.10.Final]
	at org.hibernate.query.sqm.sql.BaseSqmToSqlAstConverter.lambda$visitSelection$23(BaseSqmToSqlAstConverter.java:2286) ~[hibernate-core-6.4.10.Final.jar:6.4.10.Final]
	at java.base/java.util.Collections$SingletonList.forEach(Collections.java:4966) ~[na:na]
	at org.hibernate.query.sqm.sql.BaseSqmToSqlAstConverter.visitSelection(BaseSqmToSqlAstConverter.java:2281) ~[hibernate-core-6.4.10.Final.jar:6.4.10.Final]
	at org.hibernate.query.sqm.sql.BaseSqmToSqlAstConverter.visitSelectClause(BaseSqmToSqlAstConverter.java:2199) ~[hibernate-core-6.4.10.Final.jar:6.4.10.Final]
	at org.hibernate.query.sqm.sql.BaseSqmToSqlAstConverter.visitQuerySpec(BaseSqmToSqlAstConverter.java:2070) ~[hibernate-core-6.4.10.Final.jar:6.4.10.Final]
	at org.hibernate.query.sqm.sql.BaseSqmToSqlAstConverter.visitQuerySpec(BaseSqmToSqlAstConverter.java:441) ~[hibernate-core-6.4.10.Final.jar:6.4.10.Final]
	at org.hibernate.query.sqm.tree.select.SqmQuerySpec.accept(SqmQuerySpec.java:127) ~[hibernate-core-6.4.10.Final.jar:6.4.10.Final]
	at org.hibernate.query.sqm.spi.BaseSemanticQueryWalker.visitQueryPart(BaseSemanticQueryWalker.java:218) ~[hibernate-core-6.4.10.Final.jar:6.4.10.Final]
	at org.hibernate.query.sqm.sql.BaseSqmToSqlAstConverter.visitQueryPart(BaseSqmToSqlAstConverter.java:1928) ~[hibernate-core-6.4.10.Final.jar:6.4.10.Final]
	at org.hibernate.query.sqm.sql.BaseSqmToSqlAstConverter.visitSelectStatement(BaseSqmToSqlAstConverter.java:1613) ~[hibernate-core-6.4.10.Final.jar:6.4.10.Final]
	at org.hibernate.query.sqm.sql.BaseSqmToSqlAstConverter.visitSelectStatement(BaseSqmToSqlAstConverter.java:441) ~[hibernate-core-6.4.10.Final.jar:6.4.10.Final]
	at org.hibernate.query.sqm.tree.select.SqmSelectStatement.accept(SqmSelectStatement.java:236) ~[hibernate-core-6.4.10.Final.jar:6.4.10.Final]
	at org.hibernate.query.sqm.sql.BaseSqmToSqlAstConverter.translate(BaseSqmToSqlAstConverter.java:777) ~[hibernate-core-6.4.10.Final.jar:6.4.10.Final]
	at org.hibernate.query.sqm.internal.ConcreteSqmSelectQueryPlan.buildCacheableSqmInterpretation(ConcreteSqmSelectQueryPlan.java:421) ~[hibernate-core-6.4.10.Final.jar:6.4.10.Final]
	at org.hibernate.query.sqm.internal.ConcreteSqmSelectQueryPlan.withCacheableSqmInterpretation(ConcreteSqmSelectQueryPlan.java:327) ~[hibernate-core-6.4.10.Final.jar:6.4.10.Final]
	at org.hibernate.query.sqm.internal.ConcreteSqmSelectQueryPlan.performList(ConcreteSqmSelectQueryPlan.java:303) ~[hibernate-core-6.4.10.Final.jar:6.4.10.Final]
	at org.hibernate.query.sqm.internal.QuerySqmImpl.doList(QuerySqmImpl.java:509) ~[hibernate-core-6.4.10.Final.jar:6.4.10.Final]
	at org.hibernate.query.spi.AbstractSelectionQuery.list(AbstractSelectionQuery.java:427) ~[hibernate-core-6.4.10.Final.jar:6.4.10.Final]
	... 181 common frames omitted

[INFO] ------------------------------------------------------------------------
[INFO] BUILD FAILURE
[INFO] ------------------------------------------------------------------------
[INFO] Total time:  09:31 min
[INFO] Finished at: 2025-11-11T04:44:42-08:00
[INFO] ------------------------------------------------------------------------
[ERROR] Failed to execute goal org.springframework.boot:spring-boot-maven-plugin:3.2.10:run (default-cli) on project dental-clinic-management: Process terminated with exit code: 1 -> [Help 1]
[ERROR] 
[ERROR] To see the full stack trace of the errors, re-run Maven with the -e switch.
[ERROR] Re-run Maven using the -X switch to enable full debug logging.
[ERROR] 
[ERROR] For more information about the errors and possible solutions, please read the following articles:
[ERROR] [Help 1] http://cwiki.apache.org/confluence/display/MAVEN/MojoExecutionException
