nohup: ignoring input
Warning: JAVA_HOME environment variable is not set.
[INFO] Scanning for projects...
[INFO] 
[INFO] -------------< com.privateclinic:dental-clinic-management >-------------
[INFO] Building dental-clinic-management 0.0.1-SNAPSHOT
[INFO]   from pom.xml
[INFO] --------------------------------[ jar ]---------------------------------
[INFO] 
[INFO] >>> spring-boot:3.2.10:run (default-cli) > test-compile @ dental-clinic-management >>>
[INFO] 
[INFO] --- resources:3.3.1:resources (default-resources) @ dental-clinic-management ---
[INFO] Copying 2 resources from src\main\resources to target\classes
[INFO] Copying 3 resources from src\main\resources to target\classes
[INFO] 
[INFO] --- compiler:3.11.0:compile (default-compile) @ dental-clinic-management ---
[INFO] Changes detected - recompiling the module! :source
[INFO] Compiling 450 source files with javac [debug release 17] to target\classes
[WARNING] /D:/Code/PDCMS_BE/src/main/java/com/dental/clinic/management/working_schedule/domain/PartTimeRegistration.java:[100,18] @Builder will ignore the initializing expression entirely. If you want the initializing expression to serve as default, add @Builder.Default. If it is not supposed to be settable during building, make the field final.
[INFO] /D:/Code/PDCMS_BE/src/main/java/com/dental/clinic/management/booking_appointment/controller/AppointmentController.java: Some input files use or override a deprecated API.
[INFO] /D:/Code/PDCMS_BE/src/main/java/com/dental/clinic/management/booking_appointment/controller/AppointmentController.java: Recompile with -Xlint:deprecation for details.
[INFO] 
[INFO] --- resources:3.3.1:testResources (default-testResources) @ dental-clinic-management ---
[INFO] Copying 1 resource from src\test\resources to target\test-classes
[INFO] 
[INFO] --- compiler:3.11.0:testCompile (default-testCompile) @ dental-clinic-management ---
[INFO] Changes detected - recompiling the module! :dependency
[INFO] Compiling 4 source files with javac [debug release 17] to target\test-classes
[INFO] 
[INFO] <<< spring-boot:3.2.10:run (default-cli) < test-compile @ dental-clinic-management <<<
[INFO] 
[INFO] 
[INFO] --- spring-boot:3.2.10:run (default-cli) @ dental-clinic-management ---
[INFO] Attaching agents: []

  .   ____          _            __ _ _
 /\\ / ___'_ __ _ _(_)_ __  __ _ \ \ \ \
( ( )\___ | '_ | '_| | '_ \/ _` | \ \ \ \
 \\/  ___)| |_)| | | | | || (_| |  ) ) ) )
  '  |____| .__|_| |_|_| |_\__, | / / / /
 =========|_|==============|___/=/_/_/_/
 :: Spring Boot ::               (v3.2.10)

2025-11-11T04:56:22.743-08:00  INFO 18468 --- [Dental Clinic Management] [           main] .d.c.m.DentalClinicManagementApplication : Starting DentalClinicManagementApplication using Java 17.0.12 with PID 18468 (D:\Code\PDCMS_BE\target\classes started by congt in D:\Code\PDCMS_BE)
2025-11-11T04:56:22.756-08:00 DEBUG 18468 --- [Dental Clinic Management] [           main] .d.c.m.DentalClinicManagementApplication : Running with Spring Boot v3.2.10, Spring v6.1.13
2025-11-11T04:56:22.760-08:00  INFO 18468 --- [Dental Clinic Management] [           main] .d.c.m.DentalClinicManagementApplication : No active profile set, falling back to 1 default profile: "default"
2025-11-11T04:56:26.135-08:00  INFO 18468 --- [Dental Clinic Management] [           main] .s.d.r.c.RepositoryConfigurationDelegate : Bootstrapping Spring Data JPA repositories in DEFAULT mode.
2025-11-11T04:56:26.724-08:00  INFO 18468 --- [Dental Clinic Management] [           main] .s.d.r.c.RepositoryConfigurationDelegate : Finished Spring Data repository scanning in 574 ms. Found 41 JPA repository interfaces.
2025-11-11T04:56:30.077-08:00  INFO 18468 --- [Dental Clinic Management] [           main] o.s.b.w.embedded.tomcat.TomcatWebServer  : Tomcat initialized with port 8080 (http)
2025-11-11T04:56:30.095-08:00  INFO 18468 --- [Dental Clinic Management] [           main] o.apache.catalina.core.StandardService   : Starting service [Tomcat]
2025-11-11T04:56:30.095-08:00  INFO 18468 --- [Dental Clinic Management] [           main] o.apache.catalina.core.StandardEngine    : Starting Servlet engine: [Apache Tomcat/10.1.30]
2025-11-11T04:56:30.194-08:00  INFO 18468 --- [Dental Clinic Management] [           main] o.a.c.c.C.[Tomcat].[localhost].[/]       : Initializing Spring embedded WebApplicationContext
2025-11-11T04:56:30.199-08:00  INFO 18468 --- [Dental Clinic Management] [           main] w.s.c.ServletWebServerApplicationContext : Root WebApplicationContext: initialization completed in 7320 ms
2025-11-11T04:56:30.596-08:00 DEBUG 18468 --- [Dental Clinic Management] [           main] c.d.c.m.config.JwtBlacklistFilter        : Filter 'jwtBlacklistFilter' configured for use
2025-11-11T04:56:30.824-08:00  INFO 18468 --- [Dental Clinic Management] [           main] o.hibernate.jpa.internal.util.LogHelper  : HHH000204: Processing PersistenceUnitInfo [name: default]
2025-11-11T04:56:30.895-08:00  INFO 18468 --- [Dental Clinic Management] [           main] org.hibernate.Version                    : HHH000412: Hibernate ORM core version 6.4.10.Final
2025-11-11T04:56:30.941-08:00  INFO 18468 --- [Dental Clinic Management] [           main] o.h.c.internal.RegionFactoryInitiator    : HHH000026: Second-level cache disabled
2025-11-11T04:56:31.347-08:00  INFO 18468 --- [Dental Clinic Management] [           main] o.s.o.j.p.SpringPersistenceUnitInfo      : No LoadTimeWeaver setup: ignoring JPA class transformer
2025-11-11T04:56:31.438-08:00  INFO 18468 --- [Dental Clinic Management] [           main] com.zaxxer.hikari.HikariDataSource       : HikariPool-1 - Starting...
2025-11-11T04:56:31.816-08:00  INFO 18468 --- [Dental Clinic Management] [           main] com.zaxxer.hikari.pool.HikariPool        : HikariPool-1 - Added connection org.postgresql.jdbc.PgConnection@628bcf2c
2025-11-11T04:56:31.818-08:00  INFO 18468 --- [Dental Clinic Management] [           main] com.zaxxer.hikari.HikariDataSource       : HikariPool-1 - Start completed.
2025-11-11T04:56:31.919-08:00  WARN 18468 --- [Dental Clinic Management] [           main] org.hibernate.orm.deprecation            : HHH90000025: PostgreSQLDialect does not need to be specified explicitly using 'hibernate.dialect' (remove the property setting and it will be selected by default)
2025-11-11T04:56:37.121-08:00  INFO 18468 --- [Dental Clinic Management] [           main] o.h.e.t.j.p.i.JtaPlatformInitiator       : HHH000489: No JTA platform available (set 'hibernate.transaction.jta.platform' to enable JTA platform integration)
2025-11-11T04:56:39.576-08:00  INFO 18468 --- [Dental Clinic Management] [           main] j.LocalContainerEntityManagerFactoryBean : Initialized JPA EntityManagerFactory for persistence unit 'default'
2025-11-11T04:56:40.477-08:00  INFO 18468 --- [Dental Clinic Management] [           main] o.s.d.j.r.query.QueryEnhancerFactory     : Hibernate is in classpath; If applicable, HQL parser will be used.
2025-11-11T04:56:44.781-08:00  INFO 18468 --- [Dental Clinic Management] [           main] c.d.c.m.b.service.RoomService            : IdGenerator injected into Room entity
2025-11-11T04:56:47.198-08:00  WARN 18468 --- [Dental Clinic Management] [           main] JpaBaseConfiguration$JpaWebConfiguration : spring.jpa.open-in-view is enabled by default. Therefore, database queries may be performed during view rendering. Explicitly configure spring.jpa.open-in-view to disable this warning
2025-11-11T04:56:48.474-08:00  INFO 18468 --- [Dental Clinic Management] [           main] o.s.b.a.e.web.EndpointLinksResolver      : Exposing 1 endpoint(s) beneath base path '/actuator'
2025-11-11T04:56:48.891-08:00  INFO 18468 --- [Dental Clinic Management] [           main] o.s.s.web.DefaultSecurityFilterChain     : Will secure any request with [org.springframework.security.web.session.DisableEncodeUrlFilter@622f548c, org.springframework.security.web.context.request.async.WebAsyncManagerIntegrationFilter@6182c15f, org.springframework.security.web.context.SecurityContextHolderFilter@4c9caea1, org.springframework.security.web.header.HeaderWriterFilter@34c08747, org.springframework.web.filter.CorsFilter@247fd0c3, org.springframework.security.web.authentication.logout.LogoutFilter@6b2f876c, com.dental.clinic.management.config.JwtBlacklistFilter@55061418, org.springframework.security.oauth2.server.resource.web.authentication.BearerTokenAuthenticationFilter@24b3d961, org.springframework.security.web.savedrequest.RequestCacheAwareFilter@5a2a1620, org.springframework.security.web.servletapi.SecurityContextHolderAwareRequestFilter@598ed708, org.springframework.security.web.authentication.AnonymousAuthenticationFilter@1314e683, org.springframework.security.web.session.SessionManagementFilter@152d4095, org.springframework.security.web.access.ExceptionTranslationFilter@42e4d855, org.springframework.security.web.access.intercept.AuthorizationFilter@5d6f0e8b]
2025-11-11T04:56:50.954-08:00  INFO 18468 --- [Dental Clinic Management] [           main] o.s.b.w.embedded.tomcat.TomcatWebServer  : Tomcat started on port 8080 (http) with context path ''
2025-11-11T04:56:50.996-08:00  INFO 18468 --- [Dental Clinic Management] [           main] .d.c.m.DentalClinicManagementApplication : Started DentalClinicManagementApplication in 29.39 seconds (process running for 30.323)
2025-11-11T04:58:17.781-08:00  INFO 18468 --- [Dental Clinic Management] [nio-8080-exec-1] o.a.c.c.C.[Tomcat].[localhost].[/]       : Initializing Spring DispatcherServlet 'dispatcherServlet'
2025-11-11T04:58:17.781-08:00  INFO 18468 --- [Dental Clinic Management] [nio-8080-exec-1] o.s.web.servlet.DispatcherServlet        : Initializing Servlet 'dispatcherServlet'
2025-11-11T04:58:17.783-08:00  INFO 18468 --- [Dental Clinic Management] [nio-8080-exec-1] o.s.web.servlet.DispatcherServlet        : Completed initialization in 2 ms
2025-11-11T04:58:18.070-08:00  INFO 18468 --- [Dental Clinic Management] [nio-8080-exec-1] c.d.c.m.t.c.TreatmentPlanController      : REST request to create treatment plan - Patient: BN-1001, Template: TPL_ORTHO_METAL, Doctor: EMP001
2025-11-11T04:58:18.089-08:00  INFO 18468 --- [Dental Clinic Management] [nio-8080-exec-1] c.d.c.m.t.s.TreatmentPlanCreationService : Creating treatment plan from template. Patient: BN-1001, Template: TPL_ORTHO_METAL, Doctor: EMP001
Hibernate: 
    select
        p1_0.patient_id,
        p1_0.account_id,
        p1_0.address,
        p1_0.allergies,
        p1_0.created_at,
        p1_0.date_of_birth,
        p1_0.email,
        p1_0.emergency_contact_name,
        p1_0.emergency_contact_phone,
        p1_0.first_name,
        p1_0.gender,
        p1_0.is_active,
        p1_0.last_name,
        p1_0.medical_history,
        p1_0.patient_code,
        p1_0.phone,
        p1_0.updated_at 
    from
        patients p1_0 
    where
        p1_0.patient_code=?
Hibernate: 
    select
        e1_0.employee_id,
        e1_0.account_id,
        e1_0.address,
        e1_0.created_at,
        e1_0.date_of_birth,
        e1_0.employee_code,
        e1_0.employment_type,
        e1_0.first_name,
        e1_0.is_active,
        e1_0.last_name,
        e1_0.phone 
    from
        employees e1_0 
    where
        e1_0.employee_code=?
Hibernate: 
    select
        distinct tpt1_0.template_id,
        tpt1_0.created_at,
        tpt1_0.description,
        tpt1_0.estimated_duration_days,
        tpt1_0.is_active,
        tpt1_0.template_code,
        tpt1_0.template_name,
        tp1_0.template_id,
        tp1_0.phase_id,
        tp1_0.created_at,
        tp1_0.estimated_duration_days,
        tp1_0.phase_name,
        tp1_0.phase_number,
        tp1_0.updated_at,
        tpt1_0.total_price,
        tpt1_0.updated_at 
    from
        treatment_plan_templates tpt1_0 
    left join
        template_phases tp1_0 
            on tpt1_0.template_id=tp1_0.template_id 
    where
        tpt1_0.template_code=? 
    order by
        tp1_0.phase_number
2025-11-11T04:58:18.339-08:00  WARN 18468 --- [Dental Clinic Management] [nio-8080-exec-1] c.d.c.m.e.GlobalExceptionHandler         : 404 NOT_FOUND exception at /api/v1/patients/BN-1001/treatment-plans: Resource Not Found
