Warning: JAVA_HOME environment variable is not set.
[INFO] Scanning for projects...
[INFO] 
[INFO] -------------< com.privateclinic:dental-clinic-management >-------------
[INFO] Building dental-clinic-management 0.0.1-SNAPSHOT
[INFO]   from pom.xml
[INFO] --------------------------------[ jar ]---------------------------------
[INFO] 
[INFO] >>> spring-boot:3.2.10:run (default-cli) > test-compile @ dental-clinic-management >>>
[INFO] 
[INFO] --- resources:3.3.1:resources (default-resources) @ dental-clinic-management ---
[INFO] Copying 2 resources from src\main\resources to target\classes
[INFO] Copying 2 resources from src\main\resources to target\classes
[INFO] 
[INFO] --- compiler:3.11.0:compile (default-compile) @ dental-clinic-management ---
[INFO] Changes detected - recompiling the module! :source
[INFO] Compiling 426 source files with javac [debug release 17] to target\classes
[WARNING] /D:/Code/PDCMS_BE/src/main/java/com/dental/clinic/management/working_schedule/domain/PartTimeRegistration.java:[100,18] @Builder will ignore the initializing expression entirely. If you want the initializing expression to serve as default, add @Builder.Default. If it is not supposed to be settable during building, make the field final.
[INFO] /D:/Code/PDCMS_BE/src/main/java/com/dental/clinic/management/booking_appointment/controller/AppointmentController.java: Some input files use or override a deprecated API.
[INFO] /D:/Code/PDCMS_BE/src/main/java/com/dental/clinic/management/booking_appointment/controller/AppointmentController.java: Recompile with -Xlint:deprecation for details.
[INFO] 
[INFO] --- resources:3.3.1:testResources (default-testResources) @ dental-clinic-management ---
[INFO] Copying 1 resource from src\test\resources to target\test-classes
[INFO] 
[INFO] --- compiler:3.11.0:testCompile (default-testCompile) @ dental-clinic-management ---
[INFO] Changes detected - recompiling the module! :dependency
[INFO] Compiling 4 source files with javac [debug release 17] to target\test-classes
[INFO] 
[INFO] <<< spring-boot:3.2.10:run (default-cli) < test-compile @ dental-clinic-management <<<
[INFO] 
[INFO] 
[INFO] --- spring-boot:3.2.10:run (default-cli) @ dental-clinic-management ---
[INFO] Attaching agents: []

  .   ____          _            __ _ _
 /\\ / ___'_ __ _ _(_)_ __  __ _ \ \ \ \
( ( )\___ | '_ | '_| | '_ \/ _` | \ \ \ \
 \\/  ___)| |_)| | | | | || (_| |  ) ) ) )
  '  |____| .__|_| |_|_| |_\__, | / / / /
 =========|_|==============|___/=/_/_/_/
 :: Spring Boot ::               (v3.2.10)

2025-11-09T23:02:01.750-08:00  INFO 8484 --- [Dental Clinic Management] [           main] .d.c.m.DentalClinicManagementApplication : Starting DentalClinicManagementApplication using Java 17.0.12 with PID 8484 (D:\Code\PDCMS_BE\target\classes started by congt in D:\Code\PDCMS_BE)
2025-11-09T23:02:01.762-08:00 DEBUG 8484 --- [Dental Clinic Management] [           main] .d.c.m.DentalClinicManagementApplication : Running with Spring Boot v3.2.10, Spring v6.1.13
2025-11-09T23:02:01.762-08:00  INFO 8484 --- [Dental Clinic Management] [           main] .d.c.m.DentalClinicManagementApplication : No active profile set, falling back to 1 default profile: "default"
2025-11-09T23:02:04.239-08:00  INFO 8484 --- [Dental Clinic Management] [           main] .s.d.r.c.RepositoryConfigurationDelegate : Bootstrapping Spring Data JPA repositories in DEFAULT mode.
2025-11-09T23:02:04.506-08:00  WARN 8484 --- [Dental Clinic Management] [           main] ConfigServletWebServerApplicationContext : Exception encountered during context initialization - cancelling refresh attempt: org.springframework.beans.factory.support.BeanDefinitionOverrideException: Invalid bean definition with name 'bookingDentalServiceRepository' defined in com.dental.clinic.management.booking_appointment.repository.BookingDentalServiceRepository defined in @EnableJpaRepositories declared on JpaRepositoriesRegistrar.EnableJpaRepositoriesConfiguration: Cannot register bean definition [Root bean: class [org.springframework.data.jpa.repository.support.JpaRepositoryFactoryBean]; scope=; abstract=false; lazyInit=false; autowireMode=0; dependencyCheck=0; autowireCandidate=true; primary=false; factoryBeanName=null; factoryMethodName=null; initMethodNames=null; destroyMethodNames=null; defined in com.dental.clinic.management.booking_appointment.repository.BookingDentalServiceRepository defined in @EnableJpaRepositories declared on JpaRepositoriesRegistrar.EnableJpaRepositoriesConfiguration] for bean 'bookingDentalServiceRepository' since there is already [Root bean: class [org.springframework.data.jpa.repository.support.JpaRepositoryFactoryBean]; scope=; abstract=false; lazyInit=false; autowireMode=0; dependencyCheck=0; autowireCandidate=true; primary=false; factoryBeanName=null; factoryMethodName=null; initMethodNames=null; destroyMethodNames=null; defined in com.dental.clinic.management.booking_appointment.repository.DentalServiceRepository defined in @EnableJpaRepositories declared on JpaRepositoriesRegistrar.EnableJpaRepositoriesConfiguration] bound.
2025-11-09T23:02:04.531-08:00  INFO 8484 --- [Dental Clinic Management] [           main] .s.b.a.l.ConditionEvaluationReportLogger : 

Error starting ApplicationContext. To display the condition evaluation report re-run your application with 'debug' enabled.
2025-11-09T23:02:04.564-08:00 ERROR 8484 --- [Dental Clinic Management] [           main] o.s.b.d.LoggingFailureAnalysisReporter   : 

***************************
APPLICATION FAILED TO START
***************************

Description:

The bean 'bookingDentalServiceRepository', defined in com.dental.clinic.management.booking_appointment.repository.BookingDentalServiceRepository defined in @EnableJpaRepositories declared on JpaRepositoriesRegistrar.EnableJpaRepositoriesConfiguration, could not be registered. A bean with that name has already been defined in com.dental.clinic.management.booking_appointment.repository.DentalServiceRepository defined in @EnableJpaRepositories declared on JpaRepositoriesRegistrar.EnableJpaRepositoriesConfiguration and overriding is disabled.

Action:

Consider renaming one of the beans or enabling overriding by setting spring.main.allow-bean-definition-overriding=true

[INFO] ------------------------------------------------------------------------
[INFO] BUILD FAILURE
[INFO] ------------------------------------------------------------------------
[INFO] Total time:  37.864 s
[INFO] Finished at: 2025-11-09T23:02:04-08:00
[INFO] ------------------------------------------------------------------------
[ERROR] Failed to execute goal org.springframework.boot:spring-boot-maven-plugin:3.2.10:run (default-cli) on project dental-clinic-management: Process terminated with exit code: 1 -> [Help 1]
[ERROR] 
[ERROR] To see the full stack trace of the errors, re-run Maven with the -e switch.
[ERROR] Re-run Maven using the -X switch to enable full debug logging.
[ERROR] 
[ERROR] For more information about the errors and possible solutions, please read the following articles:
[ERROR] [Help 1] http://cwiki.apache.org/confluence/display/MAVEN/MojoExecutionException
